[INFO] Logger started at 2023-01-19 20:48:21
[INFO] Executable name: /tmp/setup/ibgateway-10.19.1j-standalone-linux-x64.sh
[INFO] install4j version: 9.0.8 (build 9199)
[INFO] Properties: 
-- listing properties --
java.runtime.name=Java(TM) SE Runtime Environment
exe4j.moduleName=/tmp/setup/ibgateway-10.19.1j-standal...
sun.boot.library.path=/tmp/setup/ibgateway-10.19.1j-standal...
java.vm.version=25.202-b08
java.vm.vendor=Oracle Corporation
java.vendor.url=http://java.oracle.com/
path.separator=:
java.vm.name=Java HotSpot(TM) 64-Bit Server VM
file.encoding.pkg=sun.io
user.country=US
sun.java.launcher=SUN_STANDARD
sun.os.patch.level=unknown
install4j.exeDir=/tmp/setup/
java.vm.specification.name=Java Virtual Machine Specification
user.dir=/tmp/setup/ibgateway-10.19.1j-standal...
java.runtime.version=1.8.0_202-b08
java.awt.graphicsenv=sun.awt.X11GraphicsEnvironment
java.endorsed.dirs=/tmp/setup/ibgateway-10.19.1j-standal...
os.arch=amd64
java.io.tmpdir=/tmp
line.separator=

java.vm.specification.vendor=Oracle Corporation
os.name=Linux
jdk.http.auth.tunneling.disabledSchemes=
exe4j.totalDataLength=180902372
sun.jnu.encoding=ANSI_X3.4-1968
java.library.path=/tmp/setup/ibgateway-10.19.1j-standal...
jdk.lang.Process.allowAmbiguousCommands=false
install4j.launcherId=6773
java.specification.name=Java Platform API Specification
java.class.version=52.0
sun.management.compiler=HotSpot 64-Bit Tiered Compilers
os.version=5.15.0-1031-azure
install4j.swt=false
user.home=/root
install4j.cwd=/tmp/setup
user.timezone=GMT
java.awt.printerjob=sun.print.PSPrinterJob
java.specification.version=1.8
file.encoding=ANSI_X3.4-1968
install4j.jvmDir=/tmp/setup/ibgateway-10.19.1j-standal...
java.net.useSystemProxies=true
user.name=root
java.class.path=i4jruntime.jar:launcher0.jar
java.vm.specification.version=1.8
sun.arch.data.model=64
java.home=/tmp/setup/ibgateway-10.19.1j-standal...
sun.java.command=install4j.Installer1949172746 -q -dir...
java.specification.vendor=Oracle Corporation
user.language=en
awt.toolkit=sun.awt.X11.XToolkit
java.vm.info=mixed mode
java.version=1.8.0_202
java.ext.dirs=/tmp/setup/ibgateway-10.19.1j-standal...
sun.boot.class.path=/tmp/setup/ibgateway-10.19.1j-standal...
java.vendor=Oracle Corporation
install4j.appDir=/tmp/setup/
file.separator=/
java.vendor.url.bug=http://bugreport.sun.com/bugreport/
sun.cpu.endian=little
sun.io.unicode.encoding=UnicodeLittle
sun.cpu.isalist=
[INFO] System language 'en'
[INFO] com.install4j.runtime.beans.actions.control.SetVariableAction [ID 3121]: Execute action
       Property script: com.install4j.script.I4jScript_Internal_1
       Property variableName: installerType
       Property failIfNull: true
       Property onlyIfUndefined: false
       Property responseFileVariable: true
       Property rollbackSupported: false
       Variable changed: installerType=standalone[class java.lang.String]
       Execute action successful after 3 ms
[INFO] com.install4j.runtime.beans.actions.control.SetVariableAction [ID 1892]: Execute action
       Property script: com.install4j.script.I4jScript_Internal_4
       Property variableName: exeName
       Property failIfNull: true
       Property onlyIfUndefined: false
       Property responseFileVariable: true
       Property rollbackSupported: false
       Variable changed: exeName=ibgateway[class java.lang.String]
       Execute action successful after 1 ms
[INFO] com.install4j.runtime.beans.screens.StartupScreen [ID 1]: command: move 1 screens, executing actions, checking condition
[INFO] com.install4j.runtime.beans.screens.FormScreen [ID 2738]: Show screen
[INFO] com.install4j.runtime.beans.screens.FormScreen [ID 2738]: command: move 1 screens, executing actions, checking condition
[INFO] com.install4j.runtime.beans.screens.InstallationDirectoryScreen [ID 3784]: Show screen
       checking writable with maximum
       The installation directory has been set to /root/Jts/ibgateway/10.19.1j.
       checking writable with maximum
[INFO] com.install4j.runtime.beans.screens.InstallationDirectoryScreen [ID 3784]: command: move 1 screens, executing actions, checking condition
[INFO] com.install4j.runtime.beans.screens.InstallationScreen [ID 8]: Show screen
[INFO] com.install4j.runtime.beans.actions.control.SetVariableAction [ID 3778]: Execute action
       Property script: com.install4j.script.I4jScript_Internal_6
       Property variableName: jtsConfigDir
       Property failIfNull: true
       Property onlyIfUndefined: false
       Property responseFileVariable: true
       Property rollbackSupported: false
       Variable changed: jtsConfigDir=/root/Jts[class java.lang.String]
       Execute action successful after 1 ms
[INFO] com.install4j.runtime.beans.actions.control.SetVariableAction [ID 3779]: Execute action
       Property script: com.install4j.script.I4jScript_Internal_7
       Property variableName: cmdLineArgs
       Property failIfNull: true
       Property onlyIfUndefined: false
       Property responseFileVariable: true
       Property rollbackSupported: false
       Variable changed: cmdLineArgs=[/root/Jts, ndc1.ibllc.com:4000][class [Ljava.lang.String;]
       Execute action successful after 1 ms
[INFO] com.install4j.runtime.beans.actions.control.SetVariableAction [ID 3780]: Execute action
       Property script: com.install4j.script.I4jScript_Internal_8
       Property variableName: iconArgs
       Property failIfNull: false
       Property onlyIfUndefined: false
       Property responseFileVariable: false
       Property rollbackSupported: false
       Variable changed: iconArgs=-J-DjtsConfigDir="/root/Jts"[class java.lang.String]
       Execute action successful after 0 ms
[INFO] com.install4j.runtime.beans.actions.control.SetVariableAction [ID 3781]: Execute action
       Property script: com.install4j.script.I4jScript_Internal_11
       Property variableName: vmOptionsPath
       Property failIfNull: true
       Property onlyIfUndefined: false
       Property responseFileVariable: false
       Property rollbackSupported: false
       Variable changed: vmOptionsPath=/root/Jts/ibgateway/10.19.1j/ibgateway.vmoptions[class java.lang.String]
       Execute action successful after 0 ms
[INFO] com.install4j.runtime.beans.actions.control.SetVariableAction [ID 3782]: Execute action
       Property script: com.install4j.script.I4jScript_Internal_12
       Property variableName: savedVmOptions
       Property failIfNull: true
       Property onlyIfUndefined: false
       Property responseFileVariable: false
       Property rollbackSupported: false
       VM options file not found: /root/Jts/ibgateway/10.19.1j/ibgateway.vmoptions
       Variable changed: savedVmOptions={content=}[class java.util.HashMap]
       Execute action successful after 2 ms
[INFO] com.install4j.runtime.beans.actions.control.SetVariableAction [ID 3783]: Execute action
       Property script: com.install4j.script.I4jScript_Internal_13
       Property variableName: mergedVmOptions
       Property failIfNull: true
       Property onlyIfUndefined: false
       Property responseFileVariable: false
       Property rollbackSupported: false
       Variable changed: mergedVmOptions=#
# This file contains VM parameters for IB Gateway 10.19.
# Each parameter should be defined in a separate line and the
# last line must be followed by a line feed. No leading or
# trailing whitespaces are allowed in the same line, where a
# parameter is defined.
#
# Lines starting with a '#' character are treated as comments
# and ignored. Additionally, if a line contains a
# '### keep on update' string, all parameters defined below will
# be preserved on update.
#

# maximum Java heap size
-Xmx768m

# GC settings
-XX:+UseG1GC
-XX:MaxGCPauseMillis=200
-XX:ParallelGCThreads=20
-XX:ConcGCThreads=5
-XX:InitiatingHeapOccupancyPercent=70

-Dinstaller.uuid=c6378bf5-6c7b-4be8-b806-233128dd1ade
-DvmOptionsPath=/root/Jts/ibgateway/10.19.1j/ibgateway.vmoptions
-Dsun.awt.nopixfmt=true
-Dsun.java2d.noddraw=true
-Dswing.boldMetal=false
-Dsun.locale.formatasdefault=true

### keep on update
[class java.lang.String]
       Execute action successful after 1 ms
[INFO] com.install4j.runtime.beans.actions.control.RunScriptAction [ID 3419]: Execute action
       Property rollbackScript: null
       Property script: com.install4j.script.I4jScript_Internal_15
       Property rollbackSupported: false
       Execute action successful after 1 ms
[INFO] com.install4j.runtime.beans.actions.InstallFilesAction [ID 9]: Execute action
       Property directoryResolverScript: null
       Property fileFilterScript: null
       Property sizeCalculatorScript: null
       Property acceptAllCertificates: false
       Property checkFreeSpace: true
       Property delay: false
       Property installRuntime: true
       Property rollbackSupported: true
       Property saveDownloadedFiles: false
       Property showFileNames: true
       Property triggerReboot: true
       Property validateApplicationId: false
       checking writable with maximum
       (+1)
       Install file: /usr/local/i4j_jres/Oda-jK0QgTEmVssfllLP/1.8.0_202/COPYRIGHT; size: 3244 bytes; exists: false
       File options set to: [fileTime: Sat Dec 15 20:50:17 GMT 2018, mode: 444, overwriteMode: Always ask except for update, shared: false, uninstallMode: Never, delayIfNecessary: false]
       Install file: /usr/local/i4j_jres/Oda-jK0QgTEmVssfllLP/1.8.0_202/LICENSE; size: 40 bytes; exists: false
       Install file: /usr/local/i4j_jres/Oda-jK0QgTEmVssfllLP/1.8.0_202/README; size: 46 bytes; exists: false
       Install file: /usr/local/i4j_jres/Oda-jK0QgTEmVssfllLP/1.8.0_202/THIRDPARTYLICENSEREADME-JAVAFX.txt; size: 112724 bytes; exists: false
       File options set to: [fileTime: Wed Dec 12 10:20:55 GMT 2018, mode: 644, overwriteMode: Always ask except for update, shared: false, uninstallMode: Never, delayIfNecessary: false]
       Install file: /usr/local/i4j_jres/Oda-jK0QgTEmVssfllLP/1.8.0_202/THIRDPARTYLICENSEREADME.txt; size: 153824 bytes; exists: false
       File options set to: [fileTime: Sat Dec 15 20:50:17 GMT 2018, mode: 444, overwriteMode: Always ask except for update, shared: false, uninstallMode: Never, delayIfNecessary: false]
       Install file: /usr/local/i4j_jres/Oda-jK0QgTEmVssfllLP/1.8.0_202/Welcome.html; size: 955 bytes; exists: false
       Install file: /usr/local/i4j_jres/Oda-jK0QgTEmVssfllLP/1.8.0_202/bin/._ControlPanel; size: 212 bytes; exists: false
       File options set to: [fileTime: Sat Dec 15 20:50:17 GMT 2018, mode: 755, overwriteMode: Always ask except for update, shared: false, uninstallMode: Never, delayIfNecessary: false]
       Install file: /usr/local/i4j_jres/Oda-jK0QgTEmVssfllLP/1.8.0_202/bin/unpack200; size: 182616 bytes; exists: false
       Install file: /usr/local/i4j_jres/Oda-jK0QgTEmVssfllLP/1.8.0_202/bin/rmid; size: 8584 bytes; exists: false
       Install file: /usr/local/i4j_jres/Oda-jK0QgTEmVssfllLP/1.8.0_202/bin/rmiregistry; size: 8592 bytes; exists: false
       Install file: /usr/local/i4j_jres/Oda-jK0QgTEmVssfllLP/1.8.0_202/bin/java; size: 8464 bytes; exists: false
       Install file: /usr/local/i4j_jres/Oda-jK0QgTEmVssfllLP/1.8.0_202/bin/javaws; size: 140296 bytes; exists: false
       Install file: /usr/local/i4j_jres/Oda-jK0QgTEmVssfllLP/1.8.0_202/bin/servertool; size: 8592 bytes; exists: false
       Install file: /usr/local/i4j_jres/Oda-jK0QgTEmVssfllLP/1.8.0_202/bin/orbd; size: 8656 bytes; exists: false
       Install file: /usr/local/i4j_jres/Oda-jK0QgTEmVssfllLP/1.8.0_202/bin/keytool; size: 8584 bytes; exists: false
       Install file: /usr/local/i4j_jres/Oda-jK0QgTEmVssfllLP/1.8.0_202/bin/policytool; size: 8592 bytes; exists: false
       Install file: /usr/local/i4j_jres/Oda-jK0QgTEmVssfllLP/1.8.0_202/bin/pack200; size: 8584 bytes; exists: false
       Install file: /usr/local/i4j_jres/Oda-jK0QgTEmVssfllLP/1.8.0_202/bin/jjs; size: 8584 bytes; exists: false
       Install file: /usr/local/i4j_jres/Oda-jK0QgTEmVssfllLP/1.8.0_202/bin/tnameserv; size: 8656 bytes; exists: false
       Install file: /usr/local/i4j_jres/Oda-jK0QgTEmVssfllLP/1.8.0_202/bin/jcontrol; size: 6264 bytes; exists: false
       Install file: /usr/local/i4j_jres/Oda-jK0QgTEmVssfllLP/1.8.0_202/lib/fontconfig.SuSE.10.properties.src; size: 16772 bytes; exists: false
       File options set to: [fileTime: Sat Dec 15 20:50:17 GMT 2018, mode: 644, overwriteMode: Always ask except for update, shared: false, uninstallMode: Never, delayIfNecessary: false]
       Install file: /usr/local/i4j_jres/Oda-jK0QgTEmVssfllLP/1.8.0_202/lib/psfontj2d.properties; size: 10393 bytes; exists: false
       Install file: /usr/local/i4j_jres/Oda-jK0QgTEmVssfllLP/1.8.0_202/lib/fontconfig.properties.src; size: 1938 bytes; exists: false
       Install file: /usr/local/i4j_jres/Oda-jK0QgTEmVssfllLP/1.8.0_202/lib/fontconfig.RedHat.5.properties.src; size: 8841 bytes; exists: false
       Install file: /usr/local/i4j_jres/Oda-jK0QgTEmVssfllLP/1.8.0_202/lib/logging.properties; size: 2455 bytes; exists: false
       Install file: /usr/local/i4j_jres/Oda-jK0QgTEmVssfllLP/1.8.0_202/lib/sound.properties; size: 1210 bytes; exists: false
       Install file: /usr/local/i4j_jres/Oda-jK0QgTEmVssfllLP/1.8.0_202/lib/currency.data; size: 4134 bytes; exists: false
       File options set to: [fileTime: Sat Dec 15 20:50:17 GMT 2018, mode: 444, overwriteMode: Always ask except for update, shared: false, uninstallMode: Never, delayIfNecessary: false]
       Install file: /usr/local/i4j_jres/Oda-jK0QgTEmVssfllLP/1.8.0_202/lib/plugin.jar; size: 942815 bytes; exists: false
       File options set to: [fileTime: Wed Mar 10 20:15:52 GMT 2021, mode: 644, overwriteMode: Always ask except for update, shared: false, uninstallMode: Never, delayIfNecessary: false]
       Install file: /usr/local/i4j_jres/Oda-jK0QgTEmVssfllLP/1.8.0_202/lib/calendars.properties; size: 1378 bytes; exists: false
       File options set to: [fileTime: Sat Dec 15 20:50:17 GMT 2018, mode: 644, overwriteMode: Always ask except for update, shared: false, uninstallMode: Never, delayIfNecessary: false]
       Install file: /usr/local/i4j_jres/Oda-jK0QgTEmVssfllLP/1.8.0_202/lib/management-agent.jar; size: 370 bytes; exists: false
       File options set to: [fileTime: Wed Mar 10 20:15:54 GMT 2021, mode: 644, overwriteMode: Always ask except for update, shared: false, uninstallMode: Never, delayIfNecessary: false]
       Install file: /usr/local/i4j_jres/Oda-jK0QgTEmVssfllLP/1.8.0_202/lib/deploy.jar; size: 2246224 bytes; exists: false
       File options set to: [fileTime: Wed Mar 10 20:15:49 GMT 2021, mode: 644, overwriteMode: Always ask except for update, shared: false, uninstallMode: Never, delayIfNecessary: false]
       Install file: /usr/local/i4j_jres/Oda-jK0QgTEmVssfllLP/1.8.0_202/lib/hijrah-config-umalqura.properties; size: 13962 bytes; exists: false
       File options set to: [fileTime: Sat Dec 15 20:50:17 GMT 2018, mode: 644, overwriteMode: Always ask except for update, shared: false, uninstallMode: Never, delayIfNecessary: false]
       Install file: /usr/local/i4j_jres/Oda-jK0QgTEmVssfllLP/1.8.0_202/lib/fontconfig.SuSE.11.bfc; size: 7032 bytes; exists: false
       File options set to: [fileTime: Sat Dec 15 20:50:17 GMT 2018, mode: 444, overwriteMode: Always ask except for update, shared: false, uninstallMode: Never, delayIfNecessary: false]
       Install file: /usr/local/i4j_jres/Oda-jK0QgTEmVssfllLP/1.8.0_202/lib/fontconfig.SuSE.10.bfc; size: 6702 bytes; exists: false
       Install file: /usr/local/i4j_jres/Oda-jK0QgTEmVssfllLP/1.8.0_202/lib/fontconfig.SuSE.11.properties.src; size: 16781 bytes; exists: false
       File options set to: [fileTime: Sat Dec 15 20:50:17 GMT 2018, mode: 644, overwriteMode: Always ask except for update, shared: false, uninstallMode: Never, delayIfNecessary: false]
       Install file: /usr/local/i4j_jres/Oda-jK0QgTEmVssfllLP/1.8.0_202/lib/jsse.jar; size: 672992 bytes; exists: false
       File options set to: [fileTime: Wed Mar 10 20:15:51 GMT 2021, mode: 644, overwriteMode: Always ask except for update, shared: false, uninstallMode: Never, delayIfNecessary: false]
       Install file: /usr/local/i4j_jres/Oda-jK0QgTEmVssfllLP/1.8.0_202/lib/fontconfig.Turbo.bfc; size: 4668 bytes; exists: false
       File options set to: [fileTime: Sat Dec 15 20:50:17 GMT 2018, mode: 444, overwriteMode: Always ask except for update, shared: false, uninstallMode: Never, delayIfNecessary: false]
       Install file: /usr/local/i4j_jres/Oda-jK0QgTEmVssfllLP/1.8.0_202/lib/net.properties; size: 5352 bytes; exists: false
       File options set to: [fileTime: Sat Dec 15 20:50:17 GMT 2018, mode: 644, overwriteMode: Always ask except for update, shared: false, uninstallMode: Never, delayIfNecessary: false]
       Install file: /usr/local/i4j_jres/Oda-jK0QgTEmVssfllLP/1.8.0_202/lib/jfr.jar; size: 558903 bytes; exists: false
       File options set to: [fileTime: Wed Mar 10 20:15:50 GMT 2021, mode: 644, overwriteMode: Always ask except for update, shared: false, uninstallMode: Never, delayIfNecessary: false]
       Install file: /usr/local/i4j_jres/Oda-jK0QgTEmVssfllLP/1.8.0_202/lib/javafx.properties; size: 56 bytes; exists: false
       File options set to: [fileTime: Wed Dec 12 10:20:55 GMT 2018, mode: 644, overwriteMode: Always ask except for update, shared: false, uninstallMode: Never, delayIfNecessary: false]
       Install file: /usr/local/i4j_jres/Oda-jK0QgTEmVssfllLP/1.8.0_202/lib/tzdb.dat; size: 105734 bytes; exists: false
       File options set to: [fileTime: Sat Dec 15 20:50:17 GMT 2018, mode: 644, overwriteMode: Always ask except for update, shared: false, uninstallMode: Never, delayIfNecessary: false]
       Install file: /usr/local/i4j_jres/Oda-jK0QgTEmVssfllLP/1.8.0_202/lib/fontconfig.RedHat.6.properties.src; size: 8735 bytes; exists: false
       Install file: /usr/local/i4j_jres/Oda-jK0QgTEmVssfllLP/1.8.0_202/lib/fontconfig.Turbo.properties.src; size: 9192 bytes; exists: false
       Install file: /usr/local/i4j_jres/Oda-jK0QgTEmVssfllLP/1.8.0_202/lib/jvm.hprof.txt; size: 4226 bytes; exists: false
       Install file: /usr/local/i4j_jres/Oda-jK0QgTEmVssfllLP/1.8.0_202/lib/resources.jar; size: 3505213 bytes; exists: false
       File options set to: [fileTime: Wed Mar 10 20:15:54 GMT 2021, mode: 644, overwriteMode: Always ask except for update, shared: false, uninstallMode: Never, delayIfNecessary: false]
       Install file: /usr/local/i4j_jres/Oda-jK0QgTEmVssfllLP/1.8.0_202/lib/content-types.properties; size: 5916 bytes; exists: false
       File options set to: [fileTime: Sat Dec 15 20:50:17 GMT 2018, mode: 644, overwriteMode: Always ask except for update, shared: false, uninstallMode: Never, delayIfNecessary: false]
       Install file: /usr/local/i4j_jres/Oda-jK0QgTEmVssfllLP/1.8.0_202/lib/fontconfig.bfc; size: 1678 bytes; exists: false
       File options set to: [fileTime: Sat Dec 15 20:50:17 GMT 2018, mode: 444, overwriteMode: Always ask except for update, shared: false, uninstallMode: Never, delayIfNecessary: false]
       Install file: /usr/local/i4j_jres/Oda-jK0QgTEmVssfllLP/1.8.0_202/lib/meta-index; size: 2034 bytes; exists: false
       File options set to: [fileTime: Sat Dec 15 20:50:17 GMT 2018, mode: 644, overwriteMode: Always ask except for update, shared: false, uninstallMode: Never, delayIfNecessary: false]
       Install file: /usr/local/i4j_jres/Oda-jK0QgTEmVssfllLP/1.8.0_202/lib/javaws.jar; size: 484799 bytes; exists: false
       File options set to: [fileTime: Wed Mar 10 20:15:50 GMT 2021, mode: 644, overwriteMode: Always ask except for update, shared: false, uninstallMode: Never, delayIfNecessary: false]
       Install file: /usr/local/i4j_jres/Oda-jK0QgTEmVssfllLP/1.8.0_202/lib/rt.jar; size: 66039684 bytes; exists: false
       File options set to: [fileTime: Wed Mar 10 20:15:33 GMT 2021, mode: 644, overwriteMode: Always ask except for update, shared: false, uninstallMode: Never, delayIfNecessary: false]
       Install file: /usr/local/i4j_jres/Oda-jK0QgTEmVssfllLP/1.8.0_202/lib/jce.jar; size: 115646 bytes; exists: false
       File options set to: [fileTime: Sat Dec 15 20:50:17 GMT 2018, mode: 644, overwriteMode: Always ask except for update, shared: false, uninstallMode: Never, delayIfNecessary: false]
       Install file: /usr/local/i4j_jres/Oda-jK0QgTEmVssfllLP/1.8.0_202/lib/flavormap.properties; size: 3901 bytes; exists: false
       Install file: /usr/local/i4j_jres/Oda-jK0QgTEmVssfllLP/1.8.0_202/lib/fontconfig.RedHat.6.bfc; size: 4250 bytes; exists: false
       File options set to: [fileTime: Sat Dec 15 20:50:17 GMT 2018, mode: 444, overwriteMode: Always ask except for update, shared: false, uninstallMode: Never, delayIfNecessary: false]
       Install file: /usr/local/i4j_jres/Oda-jK0QgTEmVssfllLP/1.8.0_202/lib/psfont.properties.ja; size: 2796 bytes; exists: false
       File options set to: [fileTime: Sat Dec 15 20:50:17 GMT 2018, mode: 644, overwriteMode: Always ask except for update, shared: false, uninstallMode: Never, delayIfNecessary: false]
       Install file: /usr/local/i4j_jres/Oda-jK0QgTEmVssfllLP/1.8.0_202/lib/fontconfig.RedHat.5.bfc; size: 4532 bytes; exists: false
       File options set to: [fileTime: Sat Dec 15 20:50:17 GMT 2018, mode: 444, overwriteMode: Always ask except for update, shared: false, uninstallMode: Never, delayIfNecessary: false]
       Install file: /usr/local/i4j_jres/Oda-jK0QgTEmVssfllLP/1.8.0_202/lib/classlist; size: 84311 bytes; exists: false
       File options set to: [fileTime: Sat Dec 15 20:50:17 GMT 2018, mode: 644, overwriteMode: Always ask except for update, shared: false, uninstallMode: Never, delayIfNecessary: false]
       Install file: /usr/local/i4j_jres/Oda-jK0QgTEmVssfllLP/1.8.0_202/lib/charsets.jar; size: 3133655 bytes; exists: false
       File options set to: [fileTime: Wed Mar 10 20:15:53 GMT 2021, mode: 644, overwriteMode: Always ask except for update, shared: false, uninstallMode: Never, delayIfNecessary: false]
       Install file: /usr/local/i4j_jres/Oda-jK0QgTEmVssfllLP/1.8.0_202/lib/jexec; size: 13376 bytes; exists: false
       File options set to: [fileTime: Sat Dec 15 20:50:17 GMT 2018, mode: 755, overwriteMode: Always ask except for update, shared: false, uninstallMode: Never, delayIfNecessary: false]
       Install file: /usr/local/i4j_jres/Oda-jK0QgTEmVssfllLP/1.8.0_202/lib/jfxswt.jar; size: 33471 bytes; exists: false
       File options set to: [fileTime: Wed Mar 10 20:15:52 GMT 2021, mode: 644, overwriteMode: Always ask except for update, shared: false, uninstallMode: Never, delayIfNecessary: false]
       Install file: /usr/local/i4j_jres/Oda-jK0QgTEmVssfllLP/1.8.0_202/lib/fonts/LucidaSansRegular.ttf; size: 698236 bytes; exists: false
       File options set to: [fileTime: Sat Dec 15 20:50:17 GMT 2018, mode: 644, overwriteMode: Always ask except for update, shared: false, uninstallMode: Never, delayIfNecessary: false]
       Install file: /usr/local/i4j_jres/Oda-jK0QgTEmVssfllLP/1.8.0_202/lib/fonts/LucidaTypewriterRegular.ttf; size: 242700 bytes; exists: false
       Install file: /usr/local/i4j_jres/Oda-jK0QgTEmVssfllLP/1.8.0_202/lib/fonts/fonts.dir; size: 4041 bytes; exists: false
       Install file: /usr/local/i4j_jres/Oda-jK0QgTEmVssfllLP/1.8.0_202/lib/fonts/LucidaBrightDemiBold.ttf; size: 75144 bytes; exists: false
       Install file: /usr/local/i4j_jres/Oda-jK0QgTEmVssfllLP/1.8.0_202/lib/fonts/LucidaSansDemiBold.ttf; size: 317896 bytes; exists: false
       Install file: /usr/local/i4j_jres/Oda-jK0QgTEmVssfllLP/1.8.0_202/lib/fonts/LucidaBrightRegular.ttf; size: 344908 bytes; exists: false
       Install file: /usr/local/i4j_jres/Oda-jK0QgTEmVssfllLP/1.8.0_202/lib/fonts/LucidaBrightItalic.ttf; size: 80856 bytes; exists: false
       Install file: /usr/local/i4j_jres/Oda-jK0QgTEmVssfllLP/1.8.0_202/lib/fonts/LucidaBrightDemiItalic.ttf; size: 75124 bytes; exists: false
       Install file: /usr/local/i4j_jres/Oda-jK0QgTEmVssfllLP/1.8.0_202/lib/fonts/LucidaTypewriterBold.ttf; size: 234068 bytes; exists: false
       Install file: /usr/local/i4j_jres/Oda-jK0QgTEmVssfllLP/1.8.0_202/lib/desktop/mime/packages/x-java-archive.xml; size: 1822 bytes; exists: false
       Install file: /usr/local/i4j_jres/Oda-jK0QgTEmVssfllLP/1.8.0_202/lib/desktop/mime/packages/x-java-jnlp-file.xml; size: 412 bytes; exists: false
       Install file: /usr/local/i4j_jres/Oda-jK0QgTEmVssfllLP/1.8.0_202/lib/desktop/applications/sun-java.desktop; size: 777 bytes; exists: false
       Install file: /usr/local/i4j_jres/Oda-jK0QgTEmVssfllLP/1.8.0_202/lib/desktop/applications/sun-javaws.desktop; size: 619 bytes; exists: false
       Install file: /usr/local/i4j_jres/Oda-jK0QgTEmVssfllLP/1.8.0_202/lib/desktop/applications/sun_java.desktop; size: 624 bytes; exists: false
       Install file: /usr/local/i4j_jres/Oda-jK0QgTEmVssfllLP/1.8.0_202/lib/desktop/icons/LowContrast/48x48/apps/sun-jcontrol.png; size: 1507 bytes; exists: false
       Install file: /usr/local/i4j_jres/Oda-jK0QgTEmVssfllLP/1.8.0_202/lib/desktop/icons/LowContrast/48x48/apps/sun-javaws.png; size: 1507 bytes; exists: false
       Install file: /usr/local/i4j_jres/Oda-jK0QgTEmVssfllLP/1.8.0_202/lib/desktop/icons/LowContrast/48x48/apps/sun-java.png; size: 1507 bytes; exists: false
       Install file: /usr/local/i4j_jres/Oda-jK0QgTEmVssfllLP/1.8.0_202/lib/desktop/icons/LowContrast/48x48/mimetypes/gnome-mime-application-x-java-archive.png; size: 1948 bytes; exists: false
       Install file: /usr/local/i4j_jres/Oda-jK0QgTEmVssfllLP/1.8.0_202/lib/desktop/icons/LowContrast/48x48/mimetypes/gnome-mime-text-x-java.png; size: 1948 bytes; exists: false
       Install file: /usr/local/i4j_jres/Oda-jK0QgTEmVssfllLP/1.8.0_202/lib/desktop/icons/LowContrast/48x48/mimetypes/gnome-mime-application-x-java-jnlp-file.png; size: 1948 bytes; exists: false
       Install file: /usr/local/i4j_jres/Oda-jK0QgTEmVssfllLP/1.8.0_202/lib/desktop/icons/LowContrast/16x16/apps/sun-jcontrol.png; size: 519 bytes; exists: false
       Install file: /usr/local/i4j_jres/Oda-jK0QgTEmVssfllLP/1.8.0_202/lib/desktop/icons/LowContrast/16x16/apps/sun-javaws.png; size: 519 bytes; exists: false
       Install file: /usr/local/i4j_jres/Oda-jK0QgTEmVssfllLP/1.8.0_202/lib/desktop/icons/LowContrast/16x16/apps/sun-java.png; size: 519 bytes; exists: false
       Install file: /usr/local/i4j_jres/Oda-jK0QgTEmVssfllLP/1.8.0_202/lib/desktop/icons/LowContrast/16x16/mimetypes/gnome-mime-application-x-java-archive.png; size: 525 bytes; exists: false
       Install file: /usr/local/i4j_jres/Oda-jK0QgTEmVssfllLP/1.8.0_202/lib/desktop/icons/LowContrast/16x16/mimetypes/gnome-mime-text-x-java.png; size: 525 bytes; exists: false
       Install file: /usr/local/i4j_jres/Oda-jK0QgTEmVssfllLP/1.8.0_202/lib/desktop/icons/LowContrast/16x16/mimetypes/gnome-mime-application-x-java-jnlp-file.png; size: 525 bytes; exists: false
       Install file: /usr/local/i4j_jres/Oda-jK0QgTEmVssfllLP/1.8.0_202/lib/desktop/icons/HighContrastInverse/48x48/apps/sun-jcontrol.png; size: 3410 bytes; exists: false
       Install file: /usr/local/i4j_jres/Oda-jK0QgTEmVssfllLP/1.8.0_202/lib/desktop/icons/HighContrastInverse/48x48/apps/sun-javaws.png; size: 3410 bytes; exists: false
       Install file: /usr/local/i4j_jres/Oda-jK0QgTEmVssfllLP/1.8.0_202/lib/desktop/icons/HighContrastInverse/48x48/apps/sun-java.png; size: 3410 bytes; exists: false
       Install file: /usr/local/i4j_jres/Oda-jK0QgTEmVssfllLP/1.8.0_202/lib/desktop/icons/HighContrastInverse/48x48/mimetypes/gnome-mime-application-x-java-archive.png; size: 2085 bytes; exists: false
       Install file: /usr/local/i4j_jres/Oda-jK0QgTEmVssfllLP/1.8.0_202/lib/desktop/icons/HighContrastInverse/48x48/mimetypes/gnome-mime-text-x-java.png; size: 2085 bytes; exists: false
       Install file: /usr/local/i4j_jres/Oda-jK0QgTEmVssfllLP/1.8.0_202/lib/desktop/icons/HighContrastInverse/48x48/mimetypes/gnome-mime-application-x-java-jnlp-file.png; size: 2085 bytes; exists: false
       Install file: /usr/local/i4j_jres/Oda-jK0QgTEmVssfllLP/1.8.0_202/lib/desktop/icons/HighContrastInverse/16x16/apps/sun-jcontrol.png; size: 402 bytes; exists: false
       Install file: /usr/local/i4j_jres/Oda-jK0QgTEmVssfllLP/1.8.0_202/lib/desktop/icons/HighContrastInverse/16x16/apps/sun-javaws.png; size: 402 bytes; exists: false
       Install file: /usr/local/i4j_jres/Oda-jK0QgTEmVssfllLP/1.8.0_202/lib/desktop/icons/HighContrastInverse/16x16/apps/sun-java.png; size: 402 bytes; exists: false
       Install file: /usr/local/i4j_jres/Oda-jK0QgTEmVssfllLP/1.8.0_202/lib/desktop/icons/HighContrastInverse/16x16/mimetypes/gnome-mime-application-x-java-archive.png; size: 473 bytes; exists: false
       Install file: /usr/local/i4j_jres/Oda-jK0QgTEmVssfllLP/1.8.0_202/lib/desktop/icons/HighContrastInverse/16x16/mimetypes/gnome-mime-text-x-java.png; size: 473 bytes; exists: false
       Install file: /usr/local/i4j_jres/Oda-jK0QgTEmVssfllLP/1.8.0_202/lib/desktop/icons/HighContrastInverse/16x16/mimetypes/gnome-mime-application-x-java-jnlp-file.png; size: 473 bytes; exists: false
       Install file: /usr/local/i4j_jres/Oda-jK0QgTEmVssfllLP/1.8.0_202/lib/desktop/icons/HighContrast/48x48/apps/sun-jcontrol.png; size: 3451 bytes; exists: false
       Install file: /usr/local/i4j_jres/Oda-jK0QgTEmVssfllLP/1.8.0_202/lib/desktop/icons/HighContrast/48x48/apps/sun-javaws.png; size: 3451 bytes; exists: false
       Install file: /usr/local/i4j_jres/Oda-jK0QgTEmVssfllLP/1.8.0_202/lib/desktop/icons/HighContrast/48x48/apps/sun-java.png; size: 3451 bytes; exists: false
       Install file: /usr/local/i4j_jres/Oda-jK0QgTEmVssfllLP/1.8.0_202/lib/desktop/icons/HighContrast/48x48/mimetypes/gnome-mime-application-x-java-archive.png; size: 2088 bytes; exists: false
       Install file: /usr/local/i4j_jres/Oda-jK0QgTEmVssfllLP/1.8.0_202/lib/desktop/icons/HighContrast/48x48/mimetypes/gnome-mime-text-x-java.png; size: 2088 bytes; exists: false
       Install file: /usr/local/i4j_jres/Oda-jK0QgTEmVssfllLP/1.8.0_202/lib/desktop/icons/HighContrast/48x48/mimetypes/gnome-mime-application-x-java-jnlp-file.png; size: 2088 bytes; exists: false
       Install file: /usr/local/i4j_jres/Oda-jK0QgTEmVssfllLP/1.8.0_202/lib/desktop/icons/HighContrast/16x16/apps/sun-jcontrol.png; size: 417 bytes; exists: false
       Install file: /usr/local/i4j_jres/Oda-jK0QgTEmVssfllLP/1.8.0_202/lib/desktop/icons/HighContrast/16x16/apps/sun-javaws.png; size: 417 bytes; exists: false
       Install file: /usr/local/i4j_jres/Oda-jK0QgTEmVssfllLP/1.8.0_202/lib/desktop/icons/HighContrast/16x16/apps/sun-java.png; size: 417 bytes; exists: false
       Install file: /usr/local/i4j_jres/Oda-jK0QgTEmVssfllLP/1.8.0_202/lib/desktop/icons/HighContrast/16x16/mimetypes/gnome-mime-application-x-java-archive.png; size: 464 bytes; exists: false
       Install file: /usr/local/i4j_jres/Oda-jK0QgTEmVssfllLP/1.8.0_202/lib/desktop/icons/HighContrast/16x16/mimetypes/gnome-mime-text-x-java.png; size: 464 bytes; exists: false
       Install file: /usr/local/i4j_jres/Oda-jK0QgTEmVssfllLP/1.8.0_202/lib/desktop/icons/HighContrast/16x16/mimetypes/gnome-mime-application-x-java-jnlp-file.png; size: 464 bytes; exists: false
       Install file: /usr/local/i4j_jres/Oda-jK0QgTEmVssfllLP/1.8.0_202/lib/desktop/icons/hicolor/48x48/apps/sun-jcontrol.png; size: 1439 bytes; exists: false
       Install file: /usr/local/i4j_jres/Oda-jK0QgTEmVssfllLP/1.8.0_202/lib/desktop/icons/hicolor/48x48/apps/sun-javaws.png; size: 1439 bytes; exists: false
       Install file: /usr/local/i4j_jres/Oda-jK0QgTEmVssfllLP/1.8.0_202/lib/desktop/icons/hicolor/48x48/apps/sun-java.png; size: 1439 bytes; exists: false
       Install file: /usr/local/i4j_jres/Oda-jK0QgTEmVssfllLP/1.8.0_202/lib/desktop/icons/hicolor/48x48/mimetypes/gnome-mime-application-x-java-archive.png; size: 3202 bytes; exists: false
       Install file: /usr/local/i4j_jres/Oda-jK0QgTEmVssfllLP/1.8.0_202/lib/desktop/icons/hicolor/48x48/mimetypes/gnome-mime-text-x-java.png; size: 3202 bytes; exists: false
       Install file: /usr/local/i4j_jres/Oda-jK0QgTEmVssfllLP/1.8.0_202/lib/desktop/icons/hicolor/48x48/mimetypes/gnome-mime-application-x-java-jnlp-file.png; size: 3202 bytes; exists: false
       Install file: /usr/local/i4j_jres/Oda-jK0QgTEmVssfllLP/1.8.0_202/lib/desktop/icons/hicolor/16x16/apps/sun-jcontrol.png; size: 383 bytes; exists: false
       Install file: /usr/local/i4j_jres/Oda-jK0QgTEmVssfllLP/1.8.0_202/lib/desktop/icons/hicolor/16x16/apps/sun-javaws.png; size: 383 bytes; exists: false
       Install file: /usr/local/i4j_jres/Oda-jK0QgTEmVssfllLP/1.8.0_202/lib/desktop/icons/hicolor/16x16/apps/sun-java.png; size: 383 bytes; exists: false
       Install file: /usr/local/i4j_jres/Oda-jK0QgTEmVssfllLP/1.8.0_202/lib/desktop/icons/hicolor/16x16/mimetypes/gnome-mime-application-x-java-archive.png; size: 783 bytes; exists: false
       Install file: /usr/local/i4j_jres/Oda-jK0QgTEmVssfllLP/1.8.0_202/lib/desktop/icons/hicolor/16x16/mimetypes/gnome-mime-text-x-java.png; size: 783 bytes; exists: false
       Install file: /usr/local/i4j_jres/Oda-jK0QgTEmVssfllLP/1.8.0_202/lib/desktop/icons/hicolor/16x16/mimetypes/gnome-mime-application-x-java-jnlp-file.png; size: 783 bytes; exists: false
       Install file: /usr/local/i4j_jres/Oda-jK0QgTEmVssfllLP/1.8.0_202/lib/management/jmxremote.access; size: 3998 bytes; exists: false
       Install file: /usr/local/i4j_jres/Oda-jK0QgTEmVssfllLP/1.8.0_202/lib/management/snmp.acl.template; size: 3376 bytes; exists: false
       File options set to: [fileTime: Sat Dec 15 20:50:17 GMT 2018, mode: 444, overwriteMode: Always ask except for update, shared: false, uninstallMode: Never, delayIfNecessary: false]
       Install file: /usr/local/i4j_jres/Oda-jK0QgTEmVssfllLP/1.8.0_202/lib/management/management.properties; size: 14630 bytes; exists: false
       File options set to: [fileTime: Sat Dec 15 20:50:17 GMT 2018, mode: 644, overwriteMode: Always ask except for update, shared: false, uninstallMode: Never, delayIfNecessary: false]
       Install file: /usr/local/i4j_jres/Oda-jK0QgTEmVssfllLP/1.8.0_202/lib/management/jmxremote.password.template; size: 2856 bytes; exists: false
       File options set to: [fileTime: Sat Dec 15 20:50:17 GMT 2018, mode: 444, overwriteMode: Always ask except for update, shared: false, uninstallMode: Never, delayIfNecessary: false]
       Install file: /usr/local/i4j_jres/Oda-jK0QgTEmVssfllLP/1.8.0_202/lib/oblique-fonts/fonts.dir; size: 2115 bytes; exists: false
       File options set to: [fileTime: Sat Dec 15 20:50:17 GMT 2018, mode: 644, overwriteMode: Always ask except for update, shared: false, uninstallMode: Never, delayIfNecessary: false]
       Install file: /usr/local/i4j_jres/Oda-jK0QgTEmVssfllLP/1.8.0_202/lib/oblique-fonts/LucidaTypewriterBoldOblique.ttf; size: 63168 bytes; exists: false
       Install file: /usr/local/i4j_jres/Oda-jK0QgTEmVssfllLP/1.8.0_202/lib/oblique-fonts/LucidaSansOblique.ttf; size: 253724 bytes; exists: false
       Install file: /usr/local/i4j_jres/Oda-jK0QgTEmVssfllLP/1.8.0_202/lib/oblique-fonts/LucidaTypewriterOblique.ttf; size: 137484 bytes; exists: false
       Install file: /usr/local/i4j_jres/Oda-jK0QgTEmVssfllLP/1.8.0_202/lib/oblique-fonts/LucidaSansDemiOblique.ttf; size: 91352 bytes; exists: false
       Install file: /usr/local/i4j_jres/Oda-jK0QgTEmVssfllLP/1.8.0_202/lib/amd64/libjavafx_font_pango.so; size: 25560 bytes; exists: false
       File options set to: [fileTime: Wed Dec 12 10:20:55 GMT 2018, mode: 755, overwriteMode: Always ask except for update, shared: false, uninstallMode: Never, delayIfNecessary: false]
       Install file: /usr/local/i4j_jres/Oda-jK0QgTEmVssfllLP/1.8.0_202/lib/amd64/libglib-lite.so; size: 1538352 bytes; exists: false
       Install file: /usr/local/i4j_jres/Oda-jK0QgTEmVssfllLP/1.8.0_202/lib/amd64/libavplugin-ffmpeg-56.so; size: 51920 bytes; exists: false
       Install file: /usr/local/i4j_jres/Oda-jK0QgTEmVssfllLP/1.8.0_202/lib/amd64/libjava_crw_demo.so; size: 26144 bytes; exists: false
       File options set to: [fileTime: Sat Dec 15 20:50:17 GMT 2018, mode: 755, overwriteMode: Always ask except for update, shared: false, uninstallMode: Never, delayIfNecessary: false]
       Install file: /usr/local/i4j_jres/Oda-jK0QgTEmVssfllLP/1.8.0_202/lib/amd64/libfontmanager.so; size: 490672 bytes; exists: false
       Install file: /usr/local/i4j_jres/Oda-jK0QgTEmVssfllLP/1.8.0_202/lib/amd64/libverify.so; size: 66112 bytes; exists: false
       Install file: /usr/local/i4j_jres/Oda-jK0QgTEmVssfllLP/1.8.0_202/lib/amd64/libavplugin-56.so; size: 51784 bytes; exists: false
       File options set to: [fileTime: Wed Dec 12 10:20:55 GMT 2018, mode: 755, overwriteMode: Always ask except for update, shared: false, uninstallMode: Never, delayIfNecessary: false]
       Install file: /usr/local/i4j_jres/Oda-jK0QgTEmVssfllLP/1.8.0_202/lib/amd64/libresource.so; size: 13456 bytes; exists: false
       File options set to: [fileTime: Sat Dec 15 20:50:17 GMT 2018, mode: 755, overwriteMode: Always ask except for update, shared: false, uninstallMode: Never, delayIfNecessary: false]
       Install file: /usr/local/i4j_jres/Oda-jK0QgTEmVssfllLP/1.8.0_202/lib/amd64/libglass.so; size: 13072 bytes; exists: false
       File options set to: [fileTime: Wed Dec 12 10:20:55 GMT 2018, mode: 755, overwriteMode: Always ask except for update, shared: false, uninstallMode: Never, delayIfNecessary: false]
       Install file: /usr/local/i4j_jres/Oda-jK0QgTEmVssfllLP/1.8.0_202/lib/amd64/libjavafx_font_t2k.so; size: 1486128 bytes; exists: false
       Install file: /usr/local/i4j_jres/Oda-jK0QgTEmVssfllLP/1.8.0_202/lib/amd64/libavplugin-57.so; size: 51784 bytes; exists: false
       Install file: /usr/local/i4j_jres/Oda-jK0QgTEmVssfllLP/1.8.0_202/lib/amd64/libjsdt.so; size: 12904 bytes; exists: false
       File options set to: [fileTime: Sat Dec 15 20:50:17 GMT 2018, mode: 755, overwriteMode: Always ask except for update, shared: false, uninstallMode: Never, delayIfNecessary: false]
       Install file: /usr/local/i4j_jres/Oda-jK0QgTEmVssfllLP/1.8.0_202/lib/amd64/jvm.cfg; size: 627 bytes; exists: false
       File options set to: [fileTime: Sat Dec 15 20:50:17 GMT 2018, mode: 644, overwriteMode: Always ask except for update, shared: false, uninstallMode: Never, delayIfNecessary: false]
       Install file: /usr/local/i4j_jres/Oda-jK0QgTEmVssfllLP/1.8.0_202/lib/amd64/libavplugin-ffmpeg-57.so; size: 51784 bytes; exists: false
       File options set to: [fileTime: Wed Dec 12 10:20:55 GMT 2018, mode: 755, overwriteMode: Always ask except for update, shared: false, uninstallMode: Never, delayIfNecessary: false]
       Install file: /usr/local/i4j_jres/Oda-jK0QgTEmVssfllLP/1.8.0_202/lib/amd64/libprism_sw.so; size: 71608 bytes; exists: false
       Install file: /usr/local/i4j_jres/Oda-jK0QgTEmVssfllLP/1.8.0_202/lib/amd64/libavplugin-53.so; size: 51720 bytes; exists: false
       Install file: /usr/local/i4j_jres/Oda-jK0QgTEmVssfllLP/1.8.0_202/lib/amd64/libjsound.so; size: 8232 bytes; exists: false
       File options set to: [fileTime: Sat Dec 15 20:50:17 GMT 2018, mode: 755, overwriteMode: Always ask except for update, shared: false, uninstallMode: Never, delayIfNecessary: false]
       Install file: /usr/local/i4j_jres/Oda-jK0QgTEmVssfllLP/1.8.0_202/lib/amd64/libjfxmedia.so; size: 1636376 bytes; exists: false
       File options set to: [fileTime: Wed Dec 12 10:20:55 GMT 2018, mode: 755, overwriteMode: Always ask except for update, shared: false, uninstallMode: Never, delayIfNecessary: false]
       Install file: /usr/local/i4j_jres/Oda-jK0QgTEmVssfllLP/1.8.0_202/lib/amd64/libsunec.so; size: 283368 bytes; exists: false
       File options set to: [fileTime: Sat Dec 15 20:50:17 GMT 2018, mode: 755, overwriteMode: Always ask except for update, shared: false, uninstallMode: Never, delayIfNecessary: false]
       Install file: /usr/local/i4j_jres/Oda-jK0QgTEmVssfllLP/1.8.0_202/lib/amd64/libjsoundalsa.so; size: 83256 bytes; exists: false
       Install file: /usr/local/i4j_jres/Oda-jK0QgTEmVssfllLP/1.8.0_202/lib/amd64/libfxplugins.so; size: 151448 bytes; exists: false
       File options set to: [fileTime: Wed Dec 12 10:20:55 GMT 2018, mode: 755, overwriteMode: Always ask except for update, shared: false, uninstallMode: Never, delayIfNecessary: false]
       Install file: /usr/local/i4j_jres/Oda-jK0QgTEmVssfllLP/1.8.0_202/lib/amd64/libdt_socket.so; size: 24616 bytes; exists: false
       File options set to: [fileTime: Sat Dec 15 20:50:17 GMT 2018, mode: 755, overwriteMode: Always ask except for update, shared: false, uninstallMode: Never, delayIfNecessary: false]
       Install file: /usr/local/i4j_jres/Oda-jK0QgTEmVssfllLP/1.8.0_202/lib/amd64/libunpack.so; size: 197712 bytes; exists: false
       Install file: /usr/local/i4j_jres/Oda-jK0QgTEmVssfllLP/1.8.0_202/lib/amd64/libjawt.so; size: 8048 bytes; exists: false
       Install file: /usr/local/i4j_jres/Oda-jK0QgTEmVssfllLP/1.8.0_202/lib/amd64/libzip.so; size: 127016 bytes; exists: false
       Install file: /usr/local/i4j_jres/Oda-jK0QgTEmVssfllLP/1.8.0_202/lib/amd64/libj2pcsc.so; size: 18296 bytes; exists: false
       Install file: /usr/local/i4j_jres/Oda-jK0QgTEmVssfllLP/1.8.0_202/lib/amd64/libawt.so; size: 759184 bytes; exists: false
       Install file: /usr/local/i4j_jres/Oda-jK0QgTEmVssfllLP/1.8.0_202/lib/amd64/libjaas_unix.so; size: 8192 bytes; exists: false
       Install file: /usr/local/i4j_jres/Oda-jK0QgTEmVssfllLP/1.8.0_202/lib/amd64/libglassgtk3.so; size: 845304 bytes; exists: false
       File options set to: [fileTime: Wed Dec 12 10:20:55 GMT 2018, mode: 755, overwriteMode: Always ask except for update, shared: false, uninstallMode: Never, delayIfNecessary: false]
       Install file: /usr/local/i4j_jres/Oda-jK0QgTEmVssfllLP/1.8.0_202/lib/amd64/liblcms.so; size: 526872 bytes; exists: false
       File options set to: [fileTime: Sat Dec 15 20:50:17 GMT 2018, mode: 755, overwriteMode: Always ask except for update, shared: false, uninstallMode: Never, delayIfNecessary: false]
       Install file: /usr/local/i4j_jres/Oda-jK0QgTEmVssfllLP/1.8.0_202/lib/amd64/libsplashscreen.so; size: 441376 bytes; exists: false
       Install file: /usr/local/i4j_jres/Oda-jK0QgTEmVssfllLP/1.8.0_202/lib/amd64/libnpjp2.so; size: 216592 bytes; exists: false
       Install file: /usr/local/i4j_jres/Oda-jK0QgTEmVssfllLP/1.8.0_202/lib/amd64/libjavafx_iio.so; size: 256336 bytes; exists: false
       File options set to: [fileTime: Wed Dec 12 10:20:55 GMT 2018, mode: 755, overwriteMode: Always ask except for update, shared: false, uninstallMode: Never, delayIfNecessary: false]
       Install file: /usr/local/i4j_jres/Oda-jK0QgTEmVssfllLP/1.8.0_202/lib/amd64/libsctp.so; size: 29552 bytes; exists: false
       File options set to: [fileTime: Sat Dec 15 20:50:17 GMT 2018, mode: 755, overwriteMode: Always ask except for update, shared: false, uninstallMode: Never, delayIfNecessary: false]
       Install file: /usr/local/i4j_jres/Oda-jK0QgTEmVssfllLP/1.8.0_202/lib/amd64/libgstreamer-lite.so; size: 2263872 bytes; exists: false
       File options set to: [fileTime: Wed Dec 12 10:20:55 GMT 2018, mode: 755, overwriteMode: Always ask except for update, shared: false, uninstallMode: Never, delayIfNecessary: false]
       Install file: /usr/local/i4j_jres/Oda-jK0QgTEmVssfllLP/1.8.0_202/lib/amd64/libnet.so; size: 116920 bytes; exists: false
       File options set to: [fileTime: Sat Dec 15 20:50:17 GMT 2018, mode: 755, overwriteMode: Always ask except for update, shared: false, uninstallMode: Never, delayIfNecessary: false]
       Install file: /usr/local/i4j_jres/Oda-jK0QgTEmVssfllLP/1.8.0_202/lib/amd64/libawt_headless.so; size: 39176 bytes; exists: false
       Install file: /usr/local/i4j_jres/Oda-jK0QgTEmVssfllLP/1.8.0_202/lib/amd64/libjpeg.so; size: 292520 bytes; exists: false
       Install file: /usr/local/i4j_jres/Oda-jK0QgTEmVssfllLP/1.8.0_202/lib/amd64/libjsig.so; size: 13336 bytes; exists: false
       Install file: /usr/local/i4j_jres/Oda-jK0QgTEmVssfllLP/1.8.0_202/lib/amd64/libprism_common.so; size: 59008 bytes; exists: false
       File options set to: [fileTime: Wed Dec 12 10:20:55 GMT 2018, mode: 755, overwriteMode: Always ask except for update, shared: false, uninstallMode: Never, delayIfNecessary: false]
       Install file: /usr/local/i4j_jres/Oda-jK0QgTEmVssfllLP/1.8.0_202/lib/amd64/libdcpr.so; size: 204456 bytes; exists: false
       File options set to: [fileTime: Sat Dec 15 20:50:17 GMT 2018, mode: 755, overwriteMode: Always ask except for update, shared: false, uninstallMode: Never, delayIfNecessary: false]
       Install file: /usr/local/i4j_jres/Oda-jK0QgTEmVssfllLP/1.8.0_202/lib/amd64/libbci.so; size: 12760 bytes; exists: false
       Install file: /usr/local/i4j_jres/Oda-jK0QgTEmVssfllLP/1.8.0_202/lib/amd64/libnpt.so; size: 17504 bytes; exists: false
       Install file: /usr/local/i4j_jres/Oda-jK0QgTEmVssfllLP/1.8.0_202/lib/amd64/libj2gss.so; size: 47688 bytes; exists: false
       Install file: /usr/local/i4j_jres/Oda-jK0QgTEmVssfllLP/1.8.0_202/lib/amd64/libawt_xawt.so; size: 470232 bytes; exists: false
       Install file: /usr/local/i4j_jres/Oda-jK0QgTEmVssfllLP/1.8.0_202/lib/amd64/libt2k.so; size: 504840 bytes; exists: false
       Install file: /usr/local/i4j_jres/Oda-jK0QgTEmVssfllLP/1.8.0_202/lib/amd64/libjavafx_font_freetype.so; size: 27616 bytes; exists: false
       File options set to: [fileTime: Wed Dec 12 10:20:55 GMT 2018, mode: 755, overwriteMode: Always ask except for update, shared: false, uninstallMode: Never, delayIfNecessary: false]
       Install file: /usr/local/i4j_jres/Oda-jK0QgTEmVssfllLP/1.8.0_202/lib/amd64/libnio.so; size: 93872 bytes; exists: false
       File options set to: [fileTime: Sat Dec 15 20:50:17 GMT 2018, mode: 755, overwriteMode: Always ask except for update, shared: false, uninstallMode: Never, delayIfNecessary: false]
       Install file: /usr/local/i4j_jres/Oda-jK0QgTEmVssfllLP/1.8.0_202/lib/amd64/libglassgtk2.so; size: 844984 bytes; exists: false
       File options set to: [fileTime: Wed Dec 12 10:20:55 GMT 2018, mode: 755, overwriteMode: Always ask except for update, shared: false, uninstallMode: Never, delayIfNecessary: false]
       Install file: /usr/local/i4j_jres/Oda-jK0QgTEmVssfllLP/1.8.0_202/lib/amd64/libinstrument.so; size: 51560 bytes; exists: false
       File options set to: [fileTime: Sat Dec 15 20:50:17 GMT 2018, mode: 755, overwriteMode: Always ask except for update, shared: false, uninstallMode: Never, delayIfNecessary: false]
       Install file: /usr/local/i4j_jres/Oda-jK0QgTEmVssfllLP/1.8.0_202/lib/amd64/libjdwp.so; size: 272248 bytes; exists: false
       Install file: /usr/local/i4j_jres/Oda-jK0QgTEmVssfllLP/1.8.0_202/lib/amd64/libjava.so; size: 227672 bytes; exists: false
       Install file: /usr/local/i4j_jres/Oda-jK0QgTEmVssfllLP/1.8.0_202/lib/amd64/libhprof.so; size: 175504 bytes; exists: false
       Install file: /usr/local/i4j_jres/Oda-jK0QgTEmVssfllLP/1.8.0_202/lib/amd64/libmlib_image.so; size: 1048136 bytes; exists: false
       Install file: /usr/local/i4j_jres/Oda-jK0QgTEmVssfllLP/1.8.0_202/lib/amd64/libj2pkcs11.so; size: 79472 bytes; exists: false
       Install file: /usr/local/i4j_jres/Oda-jK0QgTEmVssfllLP/1.8.0_202/lib/amd64/libavplugin-54.so; size: 51768 bytes; exists: false
       File options set to: [fileTime: Wed Dec 12 10:20:55 GMT 2018, mode: 755, overwriteMode: Always ask except for update, shared: false, uninstallMode: Never, delayIfNecessary: false]
       Install file: /usr/local/i4j_jres/Oda-jK0QgTEmVssfllLP/1.8.0_202/lib/amd64/libprism_es2.so; size: 63808 bytes; exists: false
       Install file: /usr/local/i4j_jres/Oda-jK0QgTEmVssfllLP/1.8.0_202/lib/amd64/libmanagement.so; size: 51808 bytes; exists: false
       File options set to: [fileTime: Sat Dec 15 20:50:17 GMT 2018, mode: 755, overwriteMode: Always ask except for update, shared: false, uninstallMode: Never, delayIfNecessary: false]
       Install file: /usr/local/i4j_jres/Oda-jK0QgTEmVssfllLP/1.8.0_202/lib/amd64/libjfxwebkit.so; size: 91014584 bytes; exists: false
       File options set to: [fileTime: Wed Dec 12 10:20:55 GMT 2018, mode: 755, overwriteMode: Always ask except for update, shared: false, uninstallMode: Never, delayIfNecessary: false]
       Install file: /usr/local/i4j_jres/Oda-jK0QgTEmVssfllLP/1.8.0_202/lib/amd64/libjfr.so; size: 28384 bytes; exists: false
       File options set to: [fileTime: Sat Dec 15 20:50:17 GMT 2018, mode: 755, overwriteMode: Always ask except for update, shared: false, uninstallMode: Never, delayIfNecessary: false]
       Install file: /usr/local/i4j_jres/Oda-jK0QgTEmVssfllLP/1.8.0_202/lib/amd64/libdecora_sse.so; size: 74912 bytes; exists: false
       File options set to: [fileTime: Wed Dec 12 10:20:55 GMT 2018, mode: 755, overwriteMode: Always ask except for update, shared: false, uninstallMode: Never, delayIfNecessary: false]
       Install file: /usr/local/i4j_jres/Oda-jK0QgTEmVssfllLP/1.8.0_202/lib/amd64/libdeploy.so; size: 642368 bytes; exists: false
       File options set to: [fileTime: Sat Dec 15 20:50:17 GMT 2018, mode: 755, overwriteMode: Always ask except for update, shared: false, uninstallMode: Never, delayIfNecessary: false]
       Install file: /usr/local/i4j_jres/Oda-jK0QgTEmVssfllLP/1.8.0_202/lib/amd64/libjavafx_font.so; size: 17104 bytes; exists: false
       File options set to: [fileTime: Wed Dec 12 10:20:55 GMT 2018, mode: 755, overwriteMode: Always ask except for update, shared: false, uninstallMode: Never, delayIfNecessary: false]
       Install file: /usr/local/i4j_jres/Oda-jK0QgTEmVssfllLP/1.8.0_202/lib/amd64/libavplugin-55.so; size: 51784 bytes; exists: false
       Install file: /usr/local/i4j_jres/Oda-jK0QgTEmVssfllLP/1.8.0_202/lib/amd64/server/Xusage.txt; size: 1423 bytes; exists: false
       File options set to: [fileTime: Sat Dec 15 20:50:17 GMT 2018, mode: 644, overwriteMode: Always ask except for update, shared: false, uninstallMode: Never, delayIfNecessary: false]
       Install file: /usr/local/i4j_jres/Oda-jK0QgTEmVssfllLP/1.8.0_202/lib/amd64/server/libjvm.so; size: 17045016 bytes; exists: false
       File options set to: [fileTime: Sat Dec 15 20:50:17 GMT 2018, mode: 755, overwriteMode: Always ask except for update, shared: false, uninstallMode: Never, delayIfNecessary: false]
       Install file: /usr/local/i4j_jres/Oda-jK0QgTEmVssfllLP/1.8.0_202/lib/amd64/server/._libjsig.so; size: 212 bytes; exists: false
       Install file: /usr/local/i4j_jres/Oda-jK0QgTEmVssfllLP/1.8.0_202/lib/amd64/jli/libjli.so; size: 108616 bytes; exists: false
       Install file: /usr/local/i4j_jres/Oda-jK0QgTEmVssfllLP/1.8.0_202/lib/ext/zipfs.jar; size: 67503 bytes; exists: false
       File options set to: [fileTime: Wed Mar 10 20:15:47 GMT 2021, mode: 644, overwriteMode: Always ask except for update, shared: false, uninstallMode: Never, delayIfNecessary: false]
       Install file: /usr/local/i4j_jres/Oda-jK0QgTEmVssfllLP/1.8.0_202/lib/ext/cldrdata.jar; size: 3837830 bytes; exists: false
       File options set to: [fileTime: Wed Mar 10 20:15:39 GMT 2021, mode: 644, overwriteMode: Always ask except for update, shared: false, uninstallMode: Never, delayIfNecessary: false]
       Install file: /usr/local/i4j_jres/Oda-jK0QgTEmVssfllLP/1.8.0_202/lib/ext/sunec.jar; size: 41672 bytes; exists: false
       File options set to: [fileTime: Sat Dec 15 20:50:17 GMT 2018, mode: 644, overwriteMode: Always ask except for update, shared: false, uninstallMode: Never, delayIfNecessary: false]
       Install file: /usr/local/i4j_jres/Oda-jK0QgTEmVssfllLP/1.8.0_202/lib/ext/nashorn.jar; size: 1983134 bytes; exists: false
       File options set to: [fileTime: Wed Mar 10 20:15:35 GMT 2021, mode: 644, overwriteMode: Always ask except for update, shared: false, uninstallMode: Never, delayIfNecessary: false]
       Install file: /usr/local/i4j_jres/Oda-jK0QgTEmVssfllLP/1.8.0_202/lib/ext/localedata.jar; size: 1174481 bytes; exists: false
       File options set to: [fileTime: Wed Mar 10 20:15:45 GMT 2021, mode: 644, overwriteMode: Always ask except for update, shared: false, uninstallMode: Never, delayIfNecessary: false]
       Install file: /usr/local/i4j_jres/Oda-jK0QgTEmVssfllLP/1.8.0_202/lib/ext/sunjce_provider.jar; size: 279326 bytes; exists: false
       File options set to: [fileTime: Sat Dec 15 20:50:17 GMT 2018, mode: 644, overwriteMode: Always ask except for update, shared: false, uninstallMode: Never, delayIfNecessary: false]
       Install file: /usr/local/i4j_jres/Oda-jK0QgTEmVssfllLP/1.8.0_202/lib/ext/meta-index; size: 1269 bytes; exists: false
       File options set to: [fileTime: Sat Dec 15 20:50:33 GMT 2018, mode: 644, overwriteMode: Always ask except for update, shared: false, uninstallMode: Never, delayIfNecessary: false]
       Install file: /usr/local/i4j_jres/Oda-jK0QgTEmVssfllLP/1.8.0_202/lib/ext/jfxrt.jar; size: 18475314 bytes; exists: false
       File options set to: [fileTime: Wed Mar 10 20:15:44 GMT 2021, mode: 644, overwriteMode: Always ask except for update, shared: false, uninstallMode: Never, delayIfNecessary: false]
       Install file: /usr/local/i4j_jres/Oda-jK0QgTEmVssfllLP/1.8.0_202/lib/ext/jaccess.jar; size: 43839 bytes; exists: false
       File options set to: [fileTime: Wed Mar 10 20:15:46 GMT 2021, mode: 644, overwriteMode: Always ask except for update, shared: false, uninstallMode: Never, delayIfNecessary: false]
       Install file: /usr/local/i4j_jres/Oda-jK0QgTEmVssfllLP/1.8.0_202/lib/ext/dnsns.jar; size: 8150 bytes; exists: false
       File options set to: [fileTime: Wed Mar 10 20:15:44 GMT 2021, mode: 644, overwriteMode: Always ask except for update, shared: false, uninstallMode: Never, delayIfNecessary: false]
       Install file: /usr/local/i4j_jres/Oda-jK0QgTEmVssfllLP/1.8.0_202/lib/ext/sunpkcs11.jar; size: 250218 bytes; exists: false
       File options set to: [fileTime: Sat Dec 15 20:50:17 GMT 2018, mode: 644, overwriteMode: Always ask except for update, shared: false, uninstallMode: Never, delayIfNecessary: false]
       Install file: /usr/local/i4j_jres/Oda-jK0QgTEmVssfllLP/1.8.0_202/lib/deploy/messages_de.properties; size: 3306 bytes; exists: false
       Install file: /usr/local/i4j_jres/Oda-jK0QgTEmVssfllLP/1.8.0_202/lib/deploy/splash.gif; size: 8590 bytes; exists: false
       Install file: /usr/local/i4j_jres/Oda-jK0QgTEmVssfllLP/1.8.0_202/lib/deploy/splash_11-lic.gif; size: 7805 bytes; exists: false
       Install file: /usr/local/i4j_jres/Oda-jK0QgTEmVssfllLP/1.8.0_202/lib/deploy/messages_ko.properties; size: 5712 bytes; exists: false
       Install file: /usr/local/i4j_jres/Oda-jK0QgTEmVssfllLP/1.8.0_202/lib/deploy/messages_fr.properties; size: 3409 bytes; exists: false
       Install file: /usr/local/i4j_jres/Oda-jK0QgTEmVssfllLP/1.8.0_202/lib/deploy/ffjcext.zip; size: 13454 bytes; exists: false
       Install file: /usr/local/i4j_jres/Oda-jK0QgTEmVssfllLP/1.8.0_202/lib/deploy/messages_zh_TW.properties; size: 3752 bytes; exists: false
       Install file: /usr/local/i4j_jres/Oda-jK0QgTEmVssfllLP/1.8.0_202/lib/deploy/messages_pt_BR.properties; size: 3285 bytes; exists: false
       Install file: /usr/local/i4j_jres/Oda-jK0QgTEmVssfllLP/1.8.0_202/lib/deploy/messages_zh_HK.properties; size: 3752 bytes; exists: false
       Install file: /usr/local/i4j_jres/Oda-jK0QgTEmVssfllLP/1.8.0_202/lib/deploy/java-icon.ico; size: 29926 bytes; exists: false
       Install file: /usr/local/i4j_jres/Oda-jK0QgTEmVssfllLP/1.8.0_202/lib/deploy/MixedCodeMainDialog.ui; size: 4507 bytes; exists: false
       Install file: /usr/local/i4j_jres/Oda-jK0QgTEmVssfllLP/1.8.0_202/lib/deploy/MixedCodeMainDialogJs.ui; size: 6110 bytes; exists: false
       Install file: /usr/local/i4j_jres/Oda-jK0QgTEmVssfllLP/1.8.0_202/lib/deploy/messages_ja.properties; size: 6349 bytes; exists: false
       Install file: /usr/local/i4j_jres/Oda-jK0QgTEmVssfllLP/1.8.0_202/lib/deploy/messages_zh_CN.properties; size: 4072 bytes; exists: false
       Install file: /usr/local/i4j_jres/Oda-jK0QgTEmVssfllLP/1.8.0_202/lib/deploy/messages_es.properties; size: 3600 bytes; exists: false
       Install file: /usr/local/i4j_jres/Oda-jK0QgTEmVssfllLP/1.8.0_202/lib/deploy/messages_sv.properties; size: 3384 bytes; exists: false
       Install file: /usr/local/i4j_jres/Oda-jK0QgTEmVssfllLP/1.8.0_202/lib/deploy/messages_it.properties; size: 3223 bytes; exists: false
       Install file: /usr/local/i4j_jres/Oda-jK0QgTEmVssfllLP/1.8.0_202/lib/deploy/mixcode_s.png; size: 3115 bytes; exists: false
       Install file: /usr/local/i4j_jres/Oda-jK0QgTEmVssfllLP/1.8.0_202/lib/deploy/cautionshield.icns; size: 3588 bytes; exists: false
       Install file: /usr/local/i4j_jres/Oda-jK0QgTEmVssfllLP/1.8.0_202/lib/deploy/splash@2x.gif; size: 15276 bytes; exists: false
       Install file: /usr/local/i4j_jres/Oda-jK0QgTEmVssfllLP/1.8.0_202/lib/deploy/splash_11@2x-lic.gif; size: 12250 bytes; exists: false
       Install file: /usr/local/i4j_jres/Oda-jK0QgTEmVssfllLP/1.8.0_202/lib/deploy/messages.properties; size: 2860 bytes; exists: false
       Install file: /usr/local/i4j_jres/Oda-jK0QgTEmVssfllLP/1.8.0_202/lib/images/cursors/cursors.properties; size: 1274 bytes; exists: false
       Install file: /usr/local/i4j_jres/Oda-jK0QgTEmVssfllLP/1.8.0_202/lib/images/cursors/motif_LinkDrop32x32.gif; size: 162 bytes; exists: false
       Install file: /usr/local/i4j_jres/Oda-jK0QgTEmVssfllLP/1.8.0_202/lib/images/cursors/motif_CopyDrop32x32.gif; size: 158 bytes; exists: false
       Install file: /usr/local/i4j_jres/Oda-jK0QgTEmVssfllLP/1.8.0_202/lib/images/cursors/motif_LinkNoDrop32x32.gif; size: 153 bytes; exists: false
       Install file: /usr/local/i4j_jres/Oda-jK0QgTEmVssfllLP/1.8.0_202/lib/images/cursors/invalid32x32.gif; size: 153 bytes; exists: false
       Install file: /usr/local/i4j_jres/Oda-jK0QgTEmVssfllLP/1.8.0_202/lib/images/cursors/motif_MoveNoDrop32x32.gif; size: 153 bytes; exists: false
       Install file: /usr/local/i4j_jres/Oda-jK0QgTEmVssfllLP/1.8.0_202/lib/images/cursors/motif_CopyNoDrop32x32.gif; size: 153 bytes; exists: false
       Install file: /usr/local/i4j_jres/Oda-jK0QgTEmVssfllLP/1.8.0_202/lib/images/cursors/motif_MoveDrop32x32.gif; size: 141 bytes; exists: false
       Install file: /usr/local/i4j_jres/Oda-jK0QgTEmVssfllLP/1.8.0_202/lib/images/icons/sun-java_LowContrast.png; size: 4012 bytes; exists: false
       Install file: /usr/local/i4j_jres/Oda-jK0QgTEmVssfllLP/1.8.0_202/lib/images/icons/sun-java_HighContrast.png; size: 3729 bytes; exists: false
       Install file: /usr/local/i4j_jres/Oda-jK0QgTEmVssfllLP/1.8.0_202/lib/images/icons/sun-java.png; size: 4707 bytes; exists: false
       Install file: /usr/local/i4j_jres/Oda-jK0QgTEmVssfllLP/1.8.0_202/lib/images/icons/sun-java_HighContrastInverse.png; size: 3777 bytes; exists: false
       Install file: /usr/local/i4j_jres/Oda-jK0QgTEmVssfllLP/1.8.0_202/lib/jfr/default.jfc; size: 20109 bytes; exists: false
       Install file: /usr/local/i4j_jres/Oda-jK0QgTEmVssfllLP/1.8.0_202/lib/jfr/profile.jfc; size: 20065 bytes; exists: false
       Install file: /usr/local/i4j_jres/Oda-jK0QgTEmVssfllLP/1.8.0_202/lib/security/trusted.libraries; size: 0 bytes; exists: false
       Install file: /usr/local/i4j_jres/Oda-jK0QgTEmVssfllLP/1.8.0_202/lib/security/blacklisted.certs; size: 1273 bytes; exists: false
       Install file: /usr/local/i4j_jres/Oda-jK0QgTEmVssfllLP/1.8.0_202/lib/security/java.security; size: 41528 bytes; exists: false
       Install file: /usr/local/i4j_jres/Oda-jK0QgTEmVssfllLP/1.8.0_202/lib/security/blacklist; size: 4054 bytes; exists: false
       Install file: /usr/local/i4j_jres/Oda-jK0QgTEmVssfllLP/1.8.0_202/lib/security/java.policy; size: 2466 bytes; exists: false
       Install file: /usr/local/i4j_jres/Oda-jK0QgTEmVssfllLP/1.8.0_202/lib/security/cacerts; size: 104430 bytes; exists: false
       Install file: /usr/local/i4j_jres/Oda-jK0QgTEmVssfllLP/1.8.0_202/lib/security/javaws.policy; size: 98 bytes; exists: false
       Install file: /usr/local/i4j_jres/Oda-jK0QgTEmVssfllLP/1.8.0_202/lib/security/policy/limited/local_policy.jar; size: 3527 bytes; exists: false
       Install file: /usr/local/i4j_jres/Oda-jK0QgTEmVssfllLP/1.8.0_202/lib/security/policy/limited/US_export_policy.jar; size: 3026 bytes; exists: false
       Install file: /usr/local/i4j_jres/Oda-jK0QgTEmVssfllLP/1.8.0_202/lib/security/policy/unlimited/local_policy.jar; size: 3035 bytes; exists: false
       Install file: /usr/local/i4j_jres/Oda-jK0QgTEmVssfllLP/1.8.0_202/lib/security/policy/unlimited/US_export_policy.jar; size: 3023 bytes; exists: false
       Install file: /usr/local/i4j_jres/Oda-jK0QgTEmVssfllLP/1.8.0_202/lib/locale/zh.GBK/LC_MESSAGES/sunw_java_plugin.mo; size: 2002 bytes; exists: false
       Install file: /usr/local/i4j_jres/Oda-jK0QgTEmVssfllLP/1.8.0_202/lib/locale/es/LC_MESSAGES/sunw_java_plugin.mo; size: 2477 bytes; exists: false
       Install file: /usr/local/i4j_jres/Oda-jK0QgTEmVssfllLP/1.8.0_202/lib/locale/fr/LC_MESSAGES/sunw_java_plugin.mo; size: 2746 bytes; exists: false
       Install file: /usr/local/i4j_jres/Oda-jK0QgTEmVssfllLP/1.8.0_202/lib/locale/ko/LC_MESSAGES/sunw_java_plugin.mo; size: 2399 bytes; exists: false
       Install file: /usr/local/i4j_jres/Oda-jK0QgTEmVssfllLP/1.8.0_202/lib/locale/de/LC_MESSAGES/sunw_java_plugin.mo; size: 2483 bytes; exists: false
       Install file: /usr/local/i4j_jres/Oda-jK0QgTEmVssfllLP/1.8.0_202/lib/locale/zh/LC_MESSAGES/sunw_java_plugin.mo; size: 2002 bytes; exists: false
       Install file: /usr/local/i4j_jres/Oda-jK0QgTEmVssfllLP/1.8.0_202/lib/locale/zh_TW.BIG5/LC_MESSAGES/sunw_java_plugin.mo; size: 2025 bytes; exists: false
       Install file: /usr/local/i4j_jres/Oda-jK0QgTEmVssfllLP/1.8.0_202/lib/locale/zh_TW/LC_MESSAGES/sunw_java_plugin.mo; size: 2025 bytes; exists: false
       Install file: /usr/local/i4j_jres/Oda-jK0QgTEmVssfllLP/1.8.0_202/lib/locale/it/LC_MESSAGES/sunw_java_plugin.mo; size: 2434 bytes; exists: false
       Install file: /usr/local/i4j_jres/Oda-jK0QgTEmVssfllLP/1.8.0_202/lib/locale/ja/LC_MESSAGES/sunw_java_plugin.mo; size: 2415 bytes; exists: false
       Install file: /usr/local/i4j_jres/Oda-jK0QgTEmVssfllLP/1.8.0_202/lib/locale/pt_BR/LC_MESSAGES/sunw_java_plugin.mo; size: 2420 bytes; exists: false
       Install file: /usr/local/i4j_jres/Oda-jK0QgTEmVssfllLP/1.8.0_202/lib/locale/ko.UTF-8/LC_MESSAGES/sunw_java_plugin.mo; size: 2753 bytes; exists: false
       Install file: /usr/local/i4j_jres/Oda-jK0QgTEmVssfllLP/1.8.0_202/lib/locale/zh_HK.BIG5HK/LC_MESSAGES/sunw_java_plugin.mo; size: 2025 bytes; exists: false
       Install file: /usr/local/i4j_jres/Oda-jK0QgTEmVssfllLP/1.8.0_202/lib/locale/sv/LC_MESSAGES/sunw_java_plugin.mo; size: 2359 bytes; exists: false
       Install file: /usr/local/i4j_jres/Oda-jK0QgTEmVssfllLP/1.8.0_202/lib/cmm/sRGB.pf; size: 3144 bytes; exists: false
       File options set to: [fileTime: Sat Dec 15 20:50:17 GMT 2018, mode: 444, overwriteMode: Always ask except for update, shared: false, uninstallMode: Never, delayIfNecessary: false]
       Install file: /usr/local/i4j_jres/Oda-jK0QgTEmVssfllLP/1.8.0_202/lib/cmm/CIEXYZ.pf; size: 51236 bytes; exists: false
       Install file: /usr/local/i4j_jres/Oda-jK0QgTEmVssfllLP/1.8.0_202/lib/cmm/PYCC.pf; size: 274474 bytes; exists: false
       Install file: /usr/local/i4j_jres/Oda-jK0QgTEmVssfllLP/1.8.0_202/lib/cmm/GRAY.pf; size: 632 bytes; exists: false
       Install file: /usr/local/i4j_jres/Oda-jK0QgTEmVssfllLP/1.8.0_202/lib/cmm/LINEAR_RGB.pf; size: 1044 bytes; exists: false
       Install file: /usr/local/i4j_jres/Oda-jK0QgTEmVssfllLP/1.8.0_202/man/._ja; size: 212 bytes; exists: false
       File options set to: [fileTime: Sat Dec 15 20:50:17 GMT 2018, mode: 755, overwriteMode: Always ask except for update, shared: false, uninstallMode: Never, delayIfNecessary: false]
       Install file: /usr/local/i4j_jres/Oda-jK0QgTEmVssfllLP/1.8.0_202/man/ja_JP.UTF-8/man1/jjs.1; size: 11365 bytes; exists: false
       File options set to: [fileTime: Sat Dec 15 20:50:17 GMT 2018, mode: 644, overwriteMode: Always ask except for update, shared: false, uninstallMode: Never, delayIfNecessary: false]
       Install file: /usr/local/i4j_jres/Oda-jK0QgTEmVssfllLP/1.8.0_202/man/ja_JP.UTF-8/man1/java.1; size: 148688 bytes; exists: false
       Install file: /usr/local/i4j_jres/Oda-jK0QgTEmVssfllLP/1.8.0_202/man/ja_JP.UTF-8/man1/keytool.1; size: 111033 bytes; exists: false
       Install file: /usr/local/i4j_jres/Oda-jK0QgTEmVssfllLP/1.8.0_202/man/ja_JP.UTF-8/man1/javaws.1; size: 6641 bytes; exists: false
       Install file: /usr/local/i4j_jres/Oda-jK0QgTEmVssfllLP/1.8.0_202/man/ja_JP.UTF-8/man1/pack200.1; size: 14482 bytes; exists: false
       Install file: /usr/local/i4j_jres/Oda-jK0QgTEmVssfllLP/1.8.0_202/man/ja_JP.UTF-8/man1/orbd.1; size: 16092 bytes; exists: false
       Install file: /usr/local/i4j_jres/Oda-jK0QgTEmVssfllLP/1.8.0_202/man/ja_JP.UTF-8/man1/tnameserv.1; size: 17722 bytes; exists: false
       Install file: /usr/local/i4j_jres/Oda-jK0QgTEmVssfllLP/1.8.0_202/man/ja_JP.UTF-8/man1/policytool.1; size: 4020 bytes; exists: false
       Install file: /usr/local/i4j_jres/Oda-jK0QgTEmVssfllLP/1.8.0_202/man/ja_JP.UTF-8/man1/servertool.1; size: 9081 bytes; exists: false
       Install file: /usr/local/i4j_jres/Oda-jK0QgTEmVssfllLP/1.8.0_202/man/ja_JP.UTF-8/man1/unpack200.1; size: 5382 bytes; exists: false
       Install file: /usr/local/i4j_jres/Oda-jK0QgTEmVssfllLP/1.8.0_202/man/ja_JP.UTF-8/man1/rmid.1; size: 19715 bytes; exists: false
       Install file: /usr/local/i4j_jres/Oda-jK0QgTEmVssfllLP/1.8.0_202/man/ja_JP.UTF-8/man1/rmiregistry.1; size: 4557 bytes; exists: false
       Install file: /usr/local/i4j_jres/Oda-jK0QgTEmVssfllLP/1.8.0_202/man/man1/jjs.1; size: 4932 bytes; exists: false
       Install file: /usr/local/i4j_jres/Oda-jK0QgTEmVssfllLP/1.8.0_202/man/man1/java.1; size: 124796 bytes; exists: false
       Install file: /usr/local/i4j_jres/Oda-jK0QgTEmVssfllLP/1.8.0_202/man/man1/keytool.1; size: 86925 bytes; exists: false
       Install file: /usr/local/i4j_jres/Oda-jK0QgTEmVssfllLP/1.8.0_202/man/man1/javaws.1; size: 4897 bytes; exists: false
       Install file: /usr/local/i4j_jres/Oda-jK0QgTEmVssfllLP/1.8.0_202/man/man1/pack200.1; size: 11623 bytes; exists: false
       Install file: /usr/local/i4j_jres/Oda-jK0QgTEmVssfllLP/1.8.0_202/man/man1/orbd.1; size: 12180 bytes; exists: false
       Install file: /usr/local/i4j_jres/Oda-jK0QgTEmVssfllLP/1.8.0_202/man/man1/tnameserv.1; size: 15747 bytes; exists: false
       Install file: /usr/local/i4j_jres/Oda-jK0QgTEmVssfllLP/1.8.0_202/man/man1/policytool.1; size: 3235 bytes; exists: false
       Install file: /usr/local/i4j_jres/Oda-jK0QgTEmVssfllLP/1.8.0_202/man/man1/servertool.1; size: 7237 bytes; exists: false
       Install file: /usr/local/i4j_jres/Oda-jK0QgTEmVssfllLP/1.8.0_202/man/man1/unpack200.1; size: 4244 bytes; exists: false
       Install file: /usr/local/i4j_jres/Oda-jK0QgTEmVssfllLP/1.8.0_202/man/man1/rmid.1; size: 15979 bytes; exists: false
       Install file: /usr/local/i4j_jres/Oda-jK0QgTEmVssfllLP/1.8.0_202/man/man1/rmiregistry.1; size: 3449 bytes; exists: false
       Install file: /usr/local/i4j_jres/Oda-jK0QgTEmVssfllLP/1.8.0_202/plugin/desktop/sun_java.png; size: 4351 bytes; exists: false
       Install file: /usr/local/i4j_jres/Oda-jK0QgTEmVssfllLP/1.8.0_202/plugin/desktop/sun_java.desktop; size: 624 bytes; exists: false
       Install file: /usr/local/i4j_jres/Oda-jK0QgTEmVssfllLP/1.8.0_202/release; size: 424 bytes; exists: false
       Install file: /root/Jts/ibgateway/10.19.1j/.install4j/ibgateway.png; size: 2427 bytes; exists: false
       File options set to: [fileTime: Mon Mar 28 15:46:52 GMT 2022, mode: 644, overwriteMode: Always, shared: false, uninstallMode: Always, delayIfNecessary: false]
       Install file: /root/Jts/ibgateway/10.19.1j/.install4j/restarter; size: 14094 bytes; exists: false
       File options set to: [fileTime: Thu Jan 12 04:36:54 GMT 2023, mode: 755, overwriteMode: Always, shared: false, uninstallMode: If created, delayIfNecessary: false]
       Install file: /root/Jts/ibgateway/10.19.1j/.install4j/s_clyey9.png; size: 209065 bytes; exists: false
       File options set to: [fileTime: Mon Mar 28 15:46:52 GMT 2022, mode: 644, overwriteMode: Always, shared: false, uninstallMode: Always, delayIfNecessary: false]
       Install file: /root/Jts/ibgateway/10.19.1j/.install4j/uninstall.png; size: 6648 bytes; exists: false
       File options set to: [fileTime: Thu Sep 29 07:44:58 GMT 2022, mode: 644, overwriteMode: Always, shared: false, uninstallMode: Always, delayIfNecessary: false]
       Install file: /root/Jts/ibgateway/10.19.1j/data/audit.xsl; size: 52128 bytes; exists: false
       File options set to: [fileTime: Fri May 28 14:44:08 GMT 2021, mode: 644, overwriteMode: Always, shared: false, uninstallMode: If created, delayIfNecessary: false]
       Install file: /root/Jts/ibgateway/10.19.1j/data/auditsummary.xsl; size: 47751 bytes; exists: false
       File options set to: [fileTime: Fri May 28 14:44:28 GMT 2021, mode: 644, overwriteMode: Always, shared: false, uninstallMode: If created, delayIfNecessary: false]
       Install file: /root/Jts/ibgateway/10.19.1j/ibgateway; size: 15008 bytes; exists: false
       File options set to: [fileTime: Thu Jan 12 04:36:54 GMT 2023, mode: 755, overwriteMode: Always, shared: false, uninstallMode: If created, delayIfNecessary: false]
       Install file: /root/Jts/ibgateway/10.19.1j/jars/jackson-core-2.12.3.jar; size: 274676 bytes; exists: false
       File options set to: [fileTime: Tue Jan 04 17:28:02 GMT 2022, mode: 644, overwriteMode: Always, shared: false, uninstallMode: If created, delayIfNecessary: false]
       Install file: /root/Jts/ibgateway/10.19.1j/jars/jts4launch-1019.jar; size: 47424450 bytes; exists: false
       File options set to: [fileTime: Wed Jan 11 23:32:22 GMT 2023, mode: 644, overwriteMode: Always, shared: false, uninstallMode: If created, delayIfNecessary: false]
       Install file: /root/Jts/ibgateway/10.19.1j/jars/jxbrowser-7.26.jar; size: 6377758 bytes; exists: false
       File options set to: [fileTime: Fri Jul 22 19:07:30 GMT 2022, mode: 644, overwriteMode: Always, shared: false, uninstallMode: If created, delayIfNecessary: false]
       Install file: /root/Jts/ibgateway/10.19.1j/jars/jxbrowser-linux64-7.26.jar; size: 90792315 bytes; exists: false
       File options set to: [fileTime: Fri Jul 22 19:15:06 GMT 2022, mode: 644, overwriteMode: Always, shared: false, uninstallMode: If created, delayIfNecessary: false]
       Install file: /root/Jts/ibgateway/10.19.1j/jars/jxbrowser-swing-7.26.jar; size: 78743 bytes; exists: false
       File options set to: [fileTime: Fri Jul 22 20:13:58 GMT 2022, mode: 644, overwriteMode: Always, shared: false, uninstallMode: If created, delayIfNecessary: false]
       Install file: /root/Jts/ibgateway/10.19.1j/jars/locales.jar; size: 104614 bytes; exists: false
       File options set to: [fileTime: Tue Dec 10 21:47:00 GMT 2019, mode: 644, overwriteMode: Always, shared: false, uninstallMode: If created, delayIfNecessary: false]
       Install file: /root/Jts/ibgateway/10.19.1j/jars/log4j-api-2.17.1.jar; size: 219430 bytes; exists: false
       File options set to: [fileTime: Wed Jan 05 16:29:46 GMT 2022, mode: 644, overwriteMode: Always, shared: false, uninstallMode: If created, delayIfNecessary: false]
       Install file: /root/Jts/ibgateway/10.19.1j/jars/log4j-core-2.17.1.jar; size: 921285 bytes; exists: false
       File options set to: [fileTime: Wed Jan 05 16:32:48 GMT 2022, mode: 644, overwriteMode: Always, shared: false, uninstallMode: If created, delayIfNecessary: false]
       Install file: /root/Jts/ibgateway/10.19.1j/jars/total-2020.jar; size: 7869644 bytes; exists: false
       File options set to: [fileTime: Wed Apr 01 14:36:54 GMT 2020, mode: 644, overwriteMode: Always, shared: false, uninstallMode: If created, delayIfNecessary: false]
       Install file: /root/Jts/ibgateway/10.19.1j/jars/twslaunch-1019.jar; size: 3624596 bytes; exists: false
       File options set to: [fileTime: Wed Jan 11 23:32:18 GMT 2023, mode: 644, overwriteMode: Always, shared: false, uninstallMode: If created, delayIfNecessary: false]
       Install file: /root/Jts/ibgateway/10.19.1j/jars/twslaunch-install4j-1.12.jar; size: 13252 bytes; exists: false
       File options set to: [fileTime: Wed Aug 31 19:50:52 GMT 2022, mode: 644, overwriteMode: Always, shared: false, uninstallMode: If created, delayIfNecessary: false]
       Install file: /root/Jts/ibgateway/10.19.1j/uninstall; size: 14321 bytes; exists: false
       File options set to: [fileTime: Thu Jan 12 04:36:54 GMT 2023, mode: 700, overwriteMode: Always, shared: false, uninstallMode: If created, delayIfNecessary: false]
       Install file: /root/Jts/ibgateway/10.19.1j/.install4j/inst_jre.cfg; size: 64 bytes; exists: false
       File options set to: [fileTime: Thu Jan 19 20:49:11 GMT 2023, mode: 644, overwriteMode: Always, shared: false, uninstallMode: If created, delayIfNecessary: false]
       Install file: /root/Jts/ibgateway/10.19.1j/.install4j/pref_jre.cfg; size: 51 bytes; exists: false
       File options set to: [fileTime: Thu Jan 19 20:49:11 GMT 2023, mode: 644, overwriteMode: Always, shared: false, uninstallMode: If created, delayIfNecessary: false]
       Install file: /root/Jts/ibgateway/10.19.1j/.install4j/i4jruntime.jar; size: 2009101 bytes; exists: false
       File options set to: [fileTime: Thu Jan 19 20:49:11 GMT 2023, mode: 644, overwriteMode: Always, shared: false, uninstallMode: Always, delayIfNecessary: false]
       Install file: /root/Jts/ibgateway/10.19.1j/.install4j/MessagesDefault; size: 34821 bytes; exists: false
       Install file: /root/Jts/ibgateway/10.19.1j/.install4j/i4jparams.conf; size: 95716 bytes; exists: false
       Install file: /root/Jts/ibgateway/10.19.1j/.install4j/stats.properties; size: 365 bytes; exists: false
       Install file: /root/Jts/ibgateway/10.19.1j/.install4j/i4jempty.ttf; size: 1004 bytes; exists: false
       Install file: /root/Jts/ibgateway/10.19.1j/.install4j/user.jar; size: 30228 bytes; exists: false
       Install file: /root/Jts/ibgateway/10.19.1j/.install4j/launcher0.jar; size: 725 bytes; exists: false
       Install file: /root/Jts/ibgateway/10.19.1j/.install4j/launcher2bfa42ba.jar; size: 766 bytes; exists: false
       Install file: /root/Jts/ibgateway/10.19.1j/.install4j/launcher3257f6f9.jar; size: 773 bytes; exists: false
       Install file: /root/Jts/ibgateway/10.19.1j/.install4j/launcherd958696.jar; size: 952 bytes; exists: false
       Install file: /root/Jts/ibgateway/10.19.1j/.install4j/user/flatlaf.jar; size: 709187 bytes; exists: false
       Install file: /root/Jts/ibgateway/10.19.1j/.install4j/i4j_extf_42_w8hjbe_18gg8kx@2x.png; size: 15419 bytes; exists: false
       Install file: /root/Jts/ibgateway/10.19.1j/.install4j/i4j_extf_34_w8hjbe.utf8; size: 53106 bytes; exists: false
       Install file: /root/Jts/ibgateway/10.19.1j/.install4j/i4j_extf_1_w8hjbe.properties; size: 1337 bytes; exists: false
       Install file: /root/Jts/ibgateway/10.19.1j/.install4j/i4j_extf_7_w8hjbe.utf8; size: 33738 bytes; exists: false
       Install file: /root/Jts/ibgateway/10.19.1j/.install4j/i4j_extf_4_w8hjbe.utf8; size: 27664 bytes; exists: false
       Install file: /root/Jts/ibgateway/10.19.1j/.install4j/libi4jinst2.dylib; size: 67472 bytes; exists: false
       Install file: /root/Jts/ibgateway/10.19.1j/.install4j/i4j_extf_3_w8hjbe.properties; size: 1034 bytes; exists: false
       Install file: /root/Jts/ibgateway/10.19.1j/.install4j/i4j_extf_20_w8hjbe.utf8; size: 36818 bytes; exists: false
       Install file: /root/Jts/ibgateway/10.19.1j/.install4j/i4j_extf_29_w8hjbe.utf8; size: 34755 bytes; exists: false
       Install file: /root/Jts/ibgateway/10.19.1j/.install4j/i4j_extf_11_w8hjbe.properties; size: 791 bytes; exists: false
       Install file: /root/Jts/ibgateway/10.19.1j/.install4j/i4j_extf_42_w8hjbe_18gg8kx_dark.png; size: 8891 bytes; exists: false
       Install file: /root/Jts/ibgateway/10.19.1j/.install4j/i4j_extf_26_w8hjbe.utf8; size: 34140 bytes; exists: false
       Install file: /root/Jts/ibgateway/10.19.1j/.install4j/i4j_extf_12_w8hjbe.utf8; size: 31894 bytes; exists: false
       Install file: /root/Jts/ibgateway/10.19.1j/.install4j/i4j_extf_13_w8hjbe.properties; size: 872 bytes; exists: false
       Install file: /root/Jts/ibgateway/10.19.1j/.install4j/i4j_extf_28_w8hjbe.utf8; size: 32414 bytes; exists: false
       Install file: /root/Jts/ibgateway/10.19.1j/.install4j/i4j_extf_10_w8hjbe.utf8; size: 33860 bytes; exists: false
       Install file: /root/Jts/ibgateway/10.19.1j/.install4j/i4j_extf_15_w8hjbe.utf8; size: 38924 bytes; exists: false
       Install file: /root/Jts/ibgateway/10.19.1j/.install4j/i4j_extf_41_w8hjbe_d36cl.png; size: 955 bytes; exists: false
       Install file: /root/Jts/ibgateway/10.19.1j/.install4j/i4j_extf_6_w8hjbe.utf8; size: 34268 bytes; exists: false
       Install file: /root/Jts/ibgateway/10.19.1j/.install4j/i4j_extf_30_w8hjbe.utf8; size: 37656 bytes; exists: false
       Install file: /root/Jts/ibgateway/10.19.1j/.install4j/i4j_extf_14_w8hjbe.utf8; size: 32795 bytes; exists: false
       Install file: /root/Jts/ibgateway/10.19.1j/.install4j/i4j_extf_36_w8hjbe.utf8; size: 36306 bytes; exists: false
       Install file: /root/Jts/ibgateway/10.19.1j/.install4j/i4j_extf_27_w8hjbe.properties; size: 926 bytes; exists: false
       Install file: /root/Jts/ibgateway/10.19.1j/.install4j/libi4jinst.dylib; size: 233536 bytes; exists: false
       Install file: /root/Jts/ibgateway/10.19.1j/.install4j/i4j_extf_9_w8hjbe.utf8; size: 32122 bytes; exists: false
       Install file: /root/Jts/ibgateway/10.19.1j/.install4j/i4j_extf_33_w8hjbe.utf8; size: 37422 bytes; exists: false
       Install file: /root/Jts/ibgateway/10.19.1j/.install4j/i4j_extf_25_w8hjbe.utf8; size: 38575 bytes; exists: false
       Install file: /root/Jts/ibgateway/10.19.1j/.install4j/i4j_extf_19_w8hjbe.utf8; size: 48909 bytes; exists: false
       Install file: /root/Jts/ibgateway/10.19.1j/.install4j/i4j_extf_38_w8hjbe.utf8; size: 31913 bytes; exists: false
       Install file: /root/Jts/ibgateway/10.19.1j/.install4j/i4j_extf_40_w8hjbe_czgnkz.ico; size: 146982 bytes; exists: false
       Install file: /root/Jts/ibgateway/10.19.1j/.install4j/i4j_extf_32_w8hjbe.properties; size: 1075 bytes; exists: false
       Install file: /root/Jts/ibgateway/10.19.1j/.install4j/i4j_extf_42_w8hjbe_18gg8kx@2x_dark.png; size: 15837 bytes; exists: false
       Install file: /root/Jts/ibgateway/10.19.1j/.install4j/i4j_extf_35_w8hjbe.properties; size: 3187 bytes; exists: false
       Install file: /root/Jts/ibgateway/10.19.1j/.install4j/i4j_extf_24_w8hjbe.properties; size: 2138 bytes; exists: false
       Install file: /root/Jts/ibgateway/10.19.1j/.install4j/i4j_extf_37_w8hjbe.properties; size: 930 bytes; exists: false
       Install file: /root/Jts/ibgateway/10.19.1j/.install4j/i4j_extf_8_w8hjbe.properties; size: 1202 bytes; exists: false
       Install file: /root/Jts/ibgateway/10.19.1j/.install4j/i4j_extf_2_w8hjbe.utf8; size: 28354 bytes; exists: false
       Install file: /root/Jts/ibgateway/10.19.1j/.install4j/i4j_extf_5_w8hjbe.properties; size: 1034 bytes; exists: false
       Install file: /root/Jts/ibgateway/10.19.1j/.install4j/i4j_extf_31_w8hjbe.utf8; size: 35441 bytes; exists: false
       Install file: /root/Jts/ibgateway/10.19.1j/.install4j/i4j_extf_42_w8hjbe_18gg8kx.png; size: 9202 bytes; exists: false
       Install file: /root/Jts/ibgateway/10.19.1j/.install4j/i4j_extf_18_w8hjbe.properties; size: 1021 bytes; exists: false
       Install file: /root/Jts/ibgateway/10.19.1j/.install4j/i4j_extf_0_w8hjbe.utf8; size: 34821 bytes; exists: false
       Install file: /root/Jts/ibgateway/10.19.1j/.install4j/i4j_extf_22_w8hjbe.properties; size: 935 bytes; exists: false
       Install file: /root/Jts/ibgateway/10.19.1j/.install4j/i4j_extf_23_w8hjbe.utf8; size: 44207 bytes; exists: false
       Install file: /root/Jts/ibgateway/10.19.1j/.install4j/i4j_extf_39_w8hjbe.utf8; size: 37551 bytes; exists: false
       Install file: /root/Jts/ibgateway/10.19.1j/.install4j/i4j_extf_21_w8hjbe.utf8; size: 34856 bytes; exists: false
       Install file: /root/Jts/ibgateway/10.19.1j/.install4j/i4j_extf_17_w8hjbe.utf8; size: 37403 bytes; exists: false
       Install file: /root/Jts/ibgateway/10.19.1j/.install4j/i4j_extf_16_w8hjbe.properties; size: 987 bytes; exists: false
       Execute action successful after 49428 ms
[INFO] com.install4j.runtime.beans.actions.control.RunScriptAction [ID 2076]: Execute action
       Property rollbackScript: null
       Property script: com.install4j.script.I4jScript_Internal_18
       Property rollbackSupported: false
       Creating '/root/Jts' directory...
       Execute action successful after 1 ms
[INFO] com.install4j.runtime.beans.actions.text.WriteTextFileAction [ID 2307]: Execute action
       Property encoding: 
       Property file: /root/Jts/ibgateway/10.19.1j/ibgateway.vmoptions
       Property text: #
# This file contains VM parameters for IB Gateway 10.19.
# Each parameter should be defined in a separate line and the
# last line must be followed by a line feed. No leading or
# trailing whitespaces are allowed in the same line, where a
# parameter is defined.
#
# Lines starting with a '#' character are treated as comments
# and ignored. Additionally, if a line contains a
# '### keep on update' string, all parameters defined below will
# be preserved on update.
#

# maximum Java heap size
-Xmx768m

# GC settings
-XX:+UseG1GC
-XX:MaxGCPauseMillis=200
-XX:ParallelGCThreads=20
-XX:ConcGCThreads=5
-XX:InitiatingHeapOccupancyPercent=70

-Dinstaller.uuid=c6378bf5-6c7b-4be8-b806-233128dd1ade
-DvmOptionsPath=/root/Jts/ibgateway/10.19.1j/ibgateway.vmoptions
-Dsun.awt.nopixfmt=true
-Dsun.java2d.noddraw=true
-Dswing.boldMetal=false
-Dsun.locale.formatasdefault=true

### keep on update

       Property append: false
       Property escaped: false
       Property logText: true
       Property rollbackSupported: true
       Execute action successful after 1 ms
[INFO] com.install4j.runtime.beans.actions.desktop.CreateProgramGroupAction [ID 10]: Execute action
       Property categories: Application
       Property linkDirectory: /usr/local/bin
       Property programGroupEntryConfigs: []
       Property programGroupName: IB Gateway 10.19
       Property uninstallerMenuName: IB Gateway 10.19 Uninstaller
       Property addDefaultLauncherLinks: true
       Property addUninstaller: true
       Property allUsers: true
       Property failForSymlinksNotCreated: false
       Property rollbackSupported: true
       Property unixMenuEntries: true
       Property unixSymlinks: true
       Variable changed: sys.programGroupName=IB Gateway 10.19[class java.lang.String]
       Variable changed: sys.symlinkDir=/usr/local/bin[class java.lang.String]
       Install file: /root/Jts/ibgateway/10.19.1j/.install4j/install4j_1d0vjrh-ibgateway.desktop; size: 255 bytes; exists: false
       File options set to: [fileTime: Thu Jan 19 20:49:11 GMT 2023, mode: 755, overwriteMode: Always, shared: false, uninstallMode: Always, delayIfNecessary: false]
[ERROR] com.install4j.runtime.installer.helper.launching.LaunchHelper: Cannot run program "xdg-desktop-menu" (in directory "/root/Jts/ibgateway/10.19.1j/.install4j"): error=2, No such file or directory
[ERROR] com.install4j.runtime.beans.actions.desktop.CreateProgramGroupAction [ID 10]: xdg-desktop-menu returned null
[INFO] com.install4j.runtime.beans.actions.desktop.CreateProgramGroupAction [ID 10]: Execute action successful after 11 ms
[INFO] com.install4j.runtime.beans.actions.desktop.RegisterAddRemoveAction [ID 11]: Execute action
       Property icon: i4j_extf_40_w8hjbe_czgnkz.ico
       Property iconSource: Custom icon
       Property itemName: IB Gateway 10.19
       Property persistentProperties: {}
       Property rollbackSupported: true
       Execute action successful after 0 ms
[INFO] com.install4j.runtime.beans.actions.desktop.CreateDesktopLinkAction [ID 54]: Execute action
       Property additionalDesktopFileEntries: 
       Property arguments: -J-DjtsConfigDir="/root/Jts"
       Property description: IB Gateway 10.19
       Property file: ibgateway
       Property name: IB Gateway 10.19
       Property startIn: null
       Property unixIconFile: null
       Property winIconFile: null
       Property allUsers: true
       Property macSingleBundleTarget: false
       Property rollbackSupported: true
       Property runAsAdministrator: false
[ERROR] com.install4j.runtime.beans.actions.desktop.CreateDesktopLinkAction [ID 54]: Desktop directory /root/Desktop does not exist
        Execute action not successful after 0 ms
[INFO] com.install4j.runtime.beans.actions.text.WriteTextFileAction [ID 2244]: Execute action
       Property encoding: 
       Property file: /root/Jts/ibgateway/10.19.1j/.install4j/.installSuccess
       Property text: .
       Property append: false
       Property escaped: true
       Property logText: true
       Property rollbackSupported: true
       Execute action successful after 1 ms
[INFO] com.install4j.runtime.beans.screens.InstallationScreen [ID 8]: Rollback barrier reached
       command: move 1 screens, executing actions, checking condition
[INFO] com.install4j.runtime.beans.screens.FormScreen [ID 2790]: Show screen
       Variable changed: executeLauncherAction=false[class java.lang.Boolean]
[INFO] com.install4j.runtime.beans.screens.FormScreen [ID 2790]: command: finish
       cleaning up
       Finished at 2023-01-19 20:49:11
