<?xml version="1.0" encoding="UTF-8" standalone="no"?>
<fileLog>
<createdFiles>
<entry name="/usr/local/i4j_jres/Oda-jK0QgTEmVssfllLP/1.8.0_202/lib/images/icons/sun-java_LowContrast.png" shared="false" uninstallMode="1"/>
<entry name="/usr/local/i4j_jres/Oda-jK0QgTEmVssfllLP/1.8.0_202/bin/tnameserv" shared="false" uninstallMode="1"/>
<entry name="/usr/local/i4j_jres/Oda-jK0QgTEmVssfllLP/1.8.0_202/lib/images/icons/sun-java_HighContrast.png" shared="false" uninstallMode="1"/>
<entry name="/usr/local/i4j_jres/Oda-jK0QgTEmVssfllLP/1.8.0_202/release" shared="false" uninstallMode="1"/>
<entry name="/usr/local/i4j_jres/Oda-jK0QgTEmVssfllLP/1.8.0_202/lib/fonts/fonts.dir" shared="false" uninstallMode="1"/>
<entry name=".install4j/user.jar" shared="false" uninstallMode="2"/>
<entry name=".install4j/uninstall.png" shared="false" uninstallMode="2"/>
<entry name="/usr/local/i4j_jres/Oda-jK0QgTEmVssfllLP/1.8.0_202/lib/fontconfig.SuSE.11.properties.src" shared="false" uninstallMode="1"/>
<entry name="/usr/local/i4j_jres/Oda-jK0QgTEmVssfllLP/1.8.0_202/lib/desktop/icons/HighContrast/48x48/apps/sun-javaws.png" shared="false" uninstallMode="1"/>
<entry name="/usr/local/i4j_jres/Oda-jK0QgTEmVssfllLP/1.8.0_202/lib/ext/jaccess.jar" shared="false" uninstallMode="1"/>
<entry name="/usr/local/i4j_jres/Oda-jK0QgTEmVssfllLP/1.8.0_202/lib/security/policy/limited/US_export_policy.jar" shared="false" uninstallMode="1"/>
<entry name="/usr/local/i4j_jres/Oda-jK0QgTEmVssfllLP/1.8.0_202/man/man1/rmid.1" shared="false" uninstallMode="1"/>
<entry name="/usr/local/i4j_jres/Oda-jK0QgTEmVssfllLP/1.8.0_202/man/ja_JP.UTF-8/man1/pack200.1" shared="false" uninstallMode="1"/>
<entry name=".install4j/i4j_extf_27_w8hjbe.properties" shared="false" uninstallMode="2"/>
<entry name="/usr/local/i4j_jres/Oda-jK0QgTEmVssfllLP/1.8.0_202/lib/amd64/server/libjvm.so" shared="false" uninstallMode="1"/>
<entry name="/usr/local/i4j_jres/Oda-jK0QgTEmVssfllLP/1.8.0_202/Welcome.html" shared="false" uninstallMode="1"/>
<entry name="/usr/local/i4j_jres/Oda-jK0QgTEmVssfllLP/1.8.0_202/man/man1/orbd.1" shared="false" uninstallMode="1"/>
<entry name="/usr/local/i4j_jres/Oda-jK0QgTEmVssfllLP/1.8.0_202/lib/amd64/jli/libjli.so" shared="false" uninstallMode="1"/>
<entry name="/usr/local/i4j_jres/Oda-jK0QgTEmVssfllLP/1.8.0_202/lib/amd64/libprism_sw.so" shared="false" uninstallMode="1"/>
<entry name="/usr/local/i4j_jres/Oda-jK0QgTEmVssfllLP/1.8.0_202/lib/amd64/libnpt.so" shared="false" uninstallMode="1"/>
<entry name="/usr/local/i4j_jres/Oda-jK0QgTEmVssfllLP/1.8.0_202/lib/security/blacklist" shared="false" uninstallMode="1"/>
<entry name=".install4j/i4j_extf_12_w8hjbe.utf8" shared="false" uninstallMode="2"/>
<entry name=".install4j/i4j_extf_13_w8hjbe.properties" shared="false" uninstallMode="2"/>
<entry name="/usr/local/i4j_jres/Oda-jK0QgTEmVssfllLP/1.8.0_202/README" shared="false" uninstallMode="1"/>
<entry name=".install4j/launcher2bfa42ba.jar" shared="false" uninstallMode="2"/>
<entry name=".install4j/i4j_extf_42_w8hjbe_18gg8kx@2x_dark.png" shared="false" uninstallMode="2"/>
<entry name="/usr/local/i4j_jres/Oda-jK0QgTEmVssfllLP/1.8.0_202/lib/desktop/icons/hicolor/48x48/mimetypes/gnome-mime-application-x-java-archive.png" shared="false" uninstallMode="1"/>
<entry name="/usr/local/i4j_jres/Oda-jK0QgTEmVssfllLP/1.8.0_202/bin/pack200" shared="false" uninstallMode="1"/>
<entry name="/usr/local/i4j_jres/Oda-jK0QgTEmVssfllLP/1.8.0_202/lib/amd64/jvm.cfg" shared="false" uninstallMode="1"/>
<entry name="/usr/local/i4j_jres/Oda-jK0QgTEmVssfllLP/1.8.0_202/lib/desktop/icons/HighContrast/48x48/apps/sun-jcontrol.png" shared="false" uninstallMode="1"/>
<entry name="/usr/local/i4j_jres/Oda-jK0QgTEmVssfllLP/1.8.0_202/lib/fontconfig.RedHat.5.properties.src" shared="false" uninstallMode="1"/>
<entry name="/usr/local/i4j_jres/Oda-jK0QgTEmVssfllLP/1.8.0_202/lib/deploy/ffjcext.zip" shared="false" uninstallMode="1"/>
<entry name=".install4j/i4j_extf_42_w8hjbe_18gg8kx.png" shared="false" uninstallMode="2"/>
<entry name="/usr/local/i4j_jres/Oda-jK0QgTEmVssfllLP/1.8.0_202/lib/desktop/icons/hicolor/16x16/mimetypes/gnome-mime-application-x-java-archive.png" shared="false" uninstallMode="1"/>
<entry name="/usr/local/i4j_jres/Oda-jK0QgTEmVssfllLP/1.8.0_202/lib/jfxswt.jar" shared="false" uninstallMode="1"/>
<entry name="/usr/local/i4j_jres/Oda-jK0QgTEmVssfllLP/1.8.0_202/lib/desktop/icons/hicolor/16x16/apps/sun-javaws.png" shared="false" uninstallMode="1"/>
<entry name="/usr/local/i4j_jres/Oda-jK0QgTEmVssfllLP/1.8.0_202/man/ja_JP.UTF-8/man1/java.1" shared="false" uninstallMode="1"/>
<entry name="/usr/local/i4j_jres/Oda-jK0QgTEmVssfllLP/1.8.0_202/man/man1/java.1" shared="false" uninstallMode="1"/>
<entry name=".install4j/MessagesDefault" shared="false" uninstallMode="2"/>
<entry name="IB Gateway 10.19.desktop" shared="false" uninstallMode="0"/>
<entry name="/usr/local/i4j_jres/Oda-jK0QgTEmVssfllLP/1.8.0_202/man/ja_JP.UTF-8/man1/javaws.1" shared="false" uninstallMode="1"/>
<entry name="/usr/local/i4j_jres/Oda-jK0QgTEmVssfllLP/1.8.0_202/lib/images/cursors/motif_LinkNoDrop32x32.gif" shared="false" uninstallMode="1"/>
<entry name="/usr/local/i4j_jres/Oda-jK0QgTEmVssfllLP/1.8.0_202/lib/fontconfig.RedHat.5.bfc" shared="false" uninstallMode="1"/>
<entry name="/usr/local/i4j_jres/Oda-jK0QgTEmVssfllLP/1.8.0_202/lib/desktop/icons/HighContrastInverse/48x48/apps/sun-javaws.png" shared="false" uninstallMode="1"/>
<entry name="/usr/local/i4j_jres/Oda-jK0QgTEmVssfllLP/1.8.0_202/lib/security/policy/unlimited/local_policy.jar" shared="false" uninstallMode="1"/>
<entry name="jre/lib/sparc/server/classes.jsa" shared="false" uninstallMode="0"/>
<entry name="/usr/local/i4j_jres/Oda-jK0QgTEmVssfllLP/1.8.0_202/lib/desktop/icons/LowContrast/48x48/apps/sun-javaws.png" shared="false" uninstallMode="1"/>
<entry name="/usr/local/i4j_jres/Oda-jK0QgTEmVssfllLP/1.8.0_202/lib/images/cursors/cursors.properties" shared="false" uninstallMode="1"/>
<entry name="/usr/local/i4j_jres/Oda-jK0QgTEmVssfllLP/1.8.0_202/lib/fonts/LucidaTypewriterRegular.ttf" shared="false" uninstallMode="1"/>
<entry name=".install4j/i4jempty.ttf" shared="false" uninstallMode="2"/>
<entry name=".install4j/i4j_extf_9_w8hjbe.utf8" shared="false" uninstallMode="2"/>
<entry name=".install4j/i4j_extf_42_w8hjbe_18gg8kx_dark.png" shared="false" uninstallMode="2"/>
<entry name="/usr/local/i4j_jres/Oda-jK0QgTEmVssfllLP/1.8.0_202/lib/amd64/libjaas_unix.so" shared="false" uninstallMode="1"/>
<entry name=".install4j/s_clyey9.png" shared="false" uninstallMode="2"/>
<entry name="/usr/local/i4j_jres/Oda-jK0QgTEmVssfllLP/1.8.0_202/lib/deploy/messages_it.properties" shared="false" uninstallMode="1"/>
<entry name="/usr/local/i4j_jres/Oda-jK0QgTEmVssfllLP/1.8.0_202/lib/amd64/libavplugin-ffmpeg-57.so" shared="false" uninstallMode="1"/>
<entry name="/usr/local/i4j_jres/Oda-jK0QgTEmVssfllLP/1.8.0_202/lib/security/java.security" shared="false" uninstallMode="1"/>
<entry name="/usr/local/i4j_jres/Oda-jK0QgTEmVssfllLP/1.8.0_202/bin/unpack200" shared="false" uninstallMode="1"/>
<entry name="/usr/local/i4j_jres/Oda-jK0QgTEmVssfllLP/1.8.0_202/man/ja_JP.UTF-8/man1/rmid.1" shared="false" uninstallMode="1"/>
<entry name="/usr/local/i4j_jres/Oda-jK0QgTEmVssfllLP/1.8.0_202/bin/ControlPanel" shared="false" uninstallMode="0"/>
<entry name="/usr/local/i4j_jres/Oda-jK0QgTEmVssfllLP/1.8.0_202/lib/deploy.jar" shared="false" uninstallMode="1"/>
<entry name="/usr/local/i4j_jres/Oda-jK0QgTEmVssfllLP/1.8.0_202/lib/amd64/libfxplugins.so" shared="false" uninstallMode="1"/>
<entry name="/usr/local/i4j_jres/Oda-jK0QgTEmVssfllLP/1.8.0_202/man/._ja" shared="false" uninstallMode="1"/>
<entry name="/usr/local/i4j_jres/Oda-jK0QgTEmVssfllLP/1.8.0_202/lib/desktop/icons/HighContrastInverse/16x16/apps/sun-java.png" shared="false" uninstallMode="1"/>
<entry name="/usr/local/i4j_jres/Oda-jK0QgTEmVssfllLP/1.8.0_202/lib/locale/ko/LC_MESSAGES/sunw_java_plugin.mo" shared="false" uninstallMode="1"/>
<entry name="/usr/local/i4j_jres/Oda-jK0QgTEmVssfllLP/1.8.0_202/lib/management/management.properties" shared="false" uninstallMode="1"/>
<entry name="/usr/local/i4j_jres/Oda-jK0QgTEmVssfllLP/1.8.0_202/lib/locale/zh_HK.BIG5HK/LC_MESSAGES/sunw_java_plugin.mo" shared="false" uninstallMode="1"/>
<entry name="/usr/local/i4j_jres/Oda-jK0QgTEmVssfllLP/1.8.0_202/man/ja_JP.UTF-8/man1/orbd.1" shared="false" uninstallMode="1"/>
<entry name="/usr/local/i4j_jres/Oda-jK0QgTEmVssfllLP/1.8.0_202/lib/deploy/messages_sv.properties" shared="false" uninstallMode="1"/>
<entry name="/usr/local/i4j_jres/Oda-jK0QgTEmVssfllLP/1.8.0_202/lib/amd64/libsunec.so" shared="false" uninstallMode="1"/>
<entry name="/usr/local/i4j_jres/Oda-jK0QgTEmVssfllLP/1.8.0_202/lib/net.properties" shared="false" uninstallMode="1"/>
<entry name=".install4j/i4j_extf_40_w8hjbe_czgnkz.ico" shared="false" uninstallMode="2"/>
<entry name="/usr/local/i4j_jres/Oda-jK0QgTEmVssfllLP/1.8.0_202/LICENSE" shared="false" uninstallMode="1"/>
<entry name="/usr/local/i4j_jres/Oda-jK0QgTEmVssfllLP/1.8.0_202/lib/oblique-fonts/LucidaSansDemiOblique.ttf" shared="false" uninstallMode="1"/>
<entry name=".install4j/libi4jinst.dylib" shared="false" uninstallMode="2"/>
<entry name="/usr/local/i4j_jres/Oda-jK0QgTEmVssfllLP/1.8.0_202/lib/oblique-fonts/LucidaTypewriterOblique.ttf" shared="false" uninstallMode="1"/>
<entry name="/usr/local/i4j_jres/Oda-jK0QgTEmVssfllLP/1.8.0_202/lib/amd64/libprism_es2.so" shared="false" uninstallMode="1"/>
<entry name="jars/jxbrowser-7.26.jar" shared="false" uninstallMode="0"/>
<entry name="jars/jxbrowser-swing-7.26.jar" shared="false" uninstallMode="0"/>
<entry name="/usr/local/i4j_jres/Oda-jK0QgTEmVssfllLP/1.8.0_202/lib/desktop/icons/HighContrast/16x16/apps/sun-javaws.png" shared="false" uninstallMode="1"/>
<entry name="/usr/local/i4j_jres/Oda-jK0QgTEmVssfllLP/1.8.0_202/lib/amd64/libmanagement.so" shared="false" uninstallMode="1"/>
<entry name="/usr/local/i4j_jres/Oda-jK0QgTEmVssfllLP/1.8.0_202/lib/amd64/libjsig.so" shared="false" uninstallMode="1"/>
<entry name="/usr/local/i4j_jres/Oda-jK0QgTEmVssfllLP/1.8.0_202/lib/deploy/splash_11-lic.gif" shared="false" uninstallMode="1"/>
<entry name=".install4j/i4j_extf_8_w8hjbe.properties" shared="false" uninstallMode="2"/>
<entry name="/usr/local/i4j_jres/Oda-jK0QgTEmVssfllLP/1.8.0_202/lib/deploy/mixcode_s.png" shared="false" uninstallMode="1"/>
<entry name="/usr/local/i4j_jres/Oda-jK0QgTEmVssfllLP/1.8.0_202/bin/orbd" shared="false" uninstallMode="1"/>
<entry name=".install4j/launcherd958696.jar" shared="false" uninstallMode="2"/>
<entry name="/usr/local/i4j_jres/Oda-jK0QgTEmVssfllLP/1.8.0_202/lib/desktop/icons/HighContrast/16x16/mimetypes/gnome-mime-application-x-java-jnlp-file.png" shared="false" uninstallMode="1"/>
<entry name="/usr/local/i4j_jres/Oda-jK0QgTEmVssfllLP/1.8.0_202/lib/fontconfig.RedHat.6.bfc" shared="false" uninstallMode="1"/>
<entry name=".install4j/launcher3257f6f9.jar" shared="false" uninstallMode="2"/>
<entry name="/usr/local/i4j_jres/Oda-jK0QgTEmVssfllLP/1.8.0_202/lib/desktop/icons/hicolor/16x16/apps/sun-java.png" shared="false" uninstallMode="1"/>
<entry name=".install4j/i4j_extf_1_w8hjbe.properties" shared="false" uninstallMode="2"/>
<entry name="/usr/local/i4j_jres/Oda-jK0QgTEmVssfllLP/1.8.0_202/lib/desktop/applications/sun-java.desktop" shared="false" uninstallMode="1"/>
<entry name="/usr/local/i4j_jres/Oda-jK0QgTEmVssfllLP/1.8.0_202/lib/ext/zipfs.jar" shared="false" uninstallMode="1"/>
<entry name="/usr/local/i4j_jres/Oda-jK0QgTEmVssfllLP/1.8.0_202/lib/ext/nashorn.jar" shared="false" uninstallMode="1"/>
<entry name="/usr/local/i4j_jres/Oda-jK0QgTEmVssfllLP/1.8.0_202/lib/desktop/icons/LowContrast/16x16/mimetypes/gnome-mime-text-x-java.png" shared="false" uninstallMode="1"/>
<entry name="/usr/local/i4j_jres/Oda-jK0QgTEmVssfllLP/1.8.0_202/man/ja_JP.UTF-8/man1/policytool.1" shared="false" uninstallMode="1"/>
<entry name=".install4j/i4jparams.conf" shared="false" uninstallMode="2"/>
<entry name="/usr/local/i4j_jres/Oda-jK0QgTEmVssfllLP/1.8.0_202/lib/security/blacklisted.certs" shared="false" uninstallMode="1"/>
<entry name="/usr/local/i4j_jres/Oda-jK0QgTEmVssfllLP/1.8.0_202/lib/deploy/messages_fr.properties" shared="false" uninstallMode="1"/>
<entry name="/usr/local/i4j_jres/Oda-jK0QgTEmVssfllLP/1.8.0_202/lib/ext/sunjce_provider.jar" shared="false" uninstallMode="1"/>
<entry name="/usr/local/i4j_jres/Oda-jK0QgTEmVssfllLP/1.8.0_202/lib/deploy/messages_zh_CN.properties" shared="false" uninstallMode="1"/>
<entry name="/usr/local/i4j_jres/Oda-jK0QgTEmVssfllLP/1.8.0_202/lib/desktop/icons/HighContrast/16x16/mimetypes/gnome-mime-text-x-java.png" shared="false" uninstallMode="1"/>
<entry name=".install4j/i4j_extf_4_w8hjbe.utf8" shared="false" uninstallMode="2"/>
<entry name=".install4j/i4j_extf_0_w8hjbe.utf8" shared="false" uninstallMode="2"/>
<entry name="/usr/local/i4j_jres/Oda-jK0QgTEmVssfllLP/1.8.0_202/lib/amd64/libjsoundalsa.so" shared="false" uninstallMode="1"/>
<entry name="/usr/local/i4j_jres/Oda-jK0QgTEmVssfllLP/1.8.0_202/lib/amd64/server/Xusage.txt" shared="false" uninstallMode="1"/>
<entry name="/usr/local/i4j_jres/Oda-jK0QgTEmVssfllLP/1.8.0_202/man/ja_JP.UTF-8/man1/servertool.1" shared="false" uninstallMode="1"/>
<entry name="/usr/local/i4j_jres/Oda-jK0QgTEmVssfllLP/1.8.0_202/plugin/desktop/sun_java.desktop" shared="false" uninstallMode="1"/>
<entry name=".install4j/i4j_extf_2_w8hjbe.utf8" shared="false" uninstallMode="2"/>
<entry name="/usr/local/i4j_jres/Oda-jK0QgTEmVssfllLP/1.8.0_202/bin/keytool" shared="false" uninstallMode="1"/>
<entry name="/usr/local/i4j_jres/Oda-jK0QgTEmVssfllLP/1.8.0_202/lib/ext/sunpkcs11.jar" shared="false" uninstallMode="1"/>
<entry name="/usr/local/i4j_jres/Oda-jK0QgTEmVssfllLP/1.8.0_202/lib/jfr.jar" shared="false" uninstallMode="1"/>
<entry name=".install4j/i4j_extf_15_w8hjbe.utf8" shared="false" uninstallMode="2"/>
<entry name="/usr/local/i4j_jres/Oda-jK0QgTEmVssfllLP/1.8.0_202/lib/locale/zh_TW/LC_MESSAGES/sunw_java_plugin.mo" shared="false" uninstallMode="1"/>
<entry name="/usr/local/i4j_jres/Oda-jK0QgTEmVssfllLP/1.8.0_202/lib/amd64/liblcms.so" shared="false" uninstallMode="1"/>
<entry name="/usr/local/i4j_jres/Oda-jK0QgTEmVssfllLP/1.8.0_202/lib/amd64/libj2pkcs11.so" shared="false" uninstallMode="1"/>
<entry name="/usr/local/i4j_jres/Oda-jK0QgTEmVssfllLP/1.8.0_202/lib/amd64/libavplugin-55.so" shared="false" uninstallMode="1"/>
<entry name="/usr/local/i4j_jres/Oda-jK0QgTEmVssfllLP/1.8.0_202/lib/amd64/libhprof.so" shared="false" uninstallMode="1"/>
<entry name="/usr/local/i4j_jres/Oda-jK0QgTEmVssfllLP/1.8.0_202/lib/deploy/messages_ko.properties" shared="false" uninstallMode="1"/>
<entry name="/usr/local/i4j_jres/Oda-jK0QgTEmVssfllLP/1.8.0_202/lib/charsets.jar" shared="false" uninstallMode="1"/>
<entry name=".install4j/i4j_extf_19_w8hjbe.utf8" shared="false" uninstallMode="2"/>
<entry name=".install4j/i4j_extf_17_w8hjbe.utf8" shared="false" uninstallMode="2"/>
<entry name="/usr/local/i4j_jres/Oda-jK0QgTEmVssfllLP/1.8.0_202/plugin/desktop/sun_java.png" shared="false" uninstallMode="1"/>
<entry name="/usr/local/i4j_jres/Oda-jK0QgTEmVssfllLP/1.8.0_202/lib/amd64/libresource.so" shared="false" uninstallMode="1"/>
<entry name="/usr/local/i4j_jres/Oda-jK0QgTEmVssfllLP/1.8.0_202/lib/fontconfig.SuSE.10.properties.src" shared="false" uninstallMode="1"/>
<entry name="/usr/local/i4j_jres/Oda-jK0QgTEmVssfllLP/1.8.0_202/lib/amd64/libglassgtk2.so" shared="false" uninstallMode="1"/>
<entry name="/usr/local/i4j_jres/Oda-jK0QgTEmVssfllLP/1.8.0_202/lib/amd64/server/._libjsig.so" shared="false" uninstallMode="1"/>
<entry name="/usr/local/i4j_jres/Oda-jK0QgTEmVssfllLP/1.8.0_202/lib/amd64/libnio.so" shared="false" uninstallMode="1"/>
<entry name="/usr/local/i4j_jres/Oda-jK0QgTEmVssfllLP/1.8.0_202/lib/amd64/libjavafx_font_pango.so" shared="false" uninstallMode="1"/>
<entry name="/usr/local/i4j_jres/Oda-jK0QgTEmVssfllLP/1.8.0_202/lib/cmm/LINEAR_RGB.pf" shared="false" uninstallMode="1"/>
<entry name="jars/total-2020.jar" shared="false" uninstallMode="0"/>
<entry name="/usr/local/i4j_jres/Oda-jK0QgTEmVssfllLP/1.8.0_202/lib/desktop/icons/HighContrastInverse/48x48/apps/sun-java.png" shared="false" uninstallMode="1"/>
<entry name="/usr/local/i4j_jres/Oda-jK0QgTEmVssfllLP/1.8.0_202/lib/desktop/icons/LowContrast/16x16/apps/sun-javaws.png" shared="false" uninstallMode="1"/>
<entry name="/usr/local/i4j_jres/Oda-jK0QgTEmVssfllLP/1.8.0_202/lib/resources.jar" shared="false" uninstallMode="1"/>
<entry name="/usr/local/i4j_jres/Oda-jK0QgTEmVssfllLP/1.8.0_202/lib/desktop/applications/sun-javaws.desktop" shared="false" uninstallMode="1"/>
<entry name=".install4j/i4j_extf_6_w8hjbe.utf8" shared="false" uninstallMode="2"/>
<entry name="/usr/local/i4j_jres/Oda-jK0QgTEmVssfllLP/1.8.0_202/lib/oblique-fonts/LucidaSansOblique.ttf" shared="false" uninstallMode="1"/>
<entry name="/usr/local/i4j_jres/Oda-jK0QgTEmVssfllLP/1.8.0_202/lib/security/javaws.policy" shared="false" uninstallMode="1"/>
<entry name="/usr/local/i4j_jres/Oda-jK0QgTEmVssfllLP/1.8.0_202/bin/jjs" shared="false" uninstallMode="1"/>
<entry name="/usr/local/i4j_jres/Oda-jK0QgTEmVssfllLP/1.8.0_202/lib/desktop/icons/LowContrast/48x48/mimetypes/gnome-mime-application-x-java-jnlp-file.png" shared="false" uninstallMode="1"/>
<entry name="/usr/local/i4j_jres/Oda-jK0QgTEmVssfllLP/1.8.0_202/lib/amd64/libj2pcsc.so" shared="false" uninstallMode="1"/>
<entry name="/usr/local/i4j_jres/Oda-jK0QgTEmVssfllLP/1.8.0_202/lib/jexec" shared="false" uninstallMode="1"/>
<entry name="/usr/local/i4j_jres/Oda-jK0QgTEmVssfllLP/1.8.0_202/lib/deploy/messages_ja.properties" shared="false" uninstallMode="1"/>
<entry name="/usr/local/i4j_jres/Oda-jK0QgTEmVssfllLP/1.8.0_202/man/man1/rmiregistry.1" shared="false" uninstallMode="1"/>
<entry name="/usr/local/i4j_jres/Oda-jK0QgTEmVssfllLP/1.8.0_202/lib/desktop/icons/hicolor/48x48/mimetypes/gnome-mime-text-x-java.png" shared="false" uninstallMode="1"/>
<entry name="/usr/local/i4j_jres/Oda-jK0QgTEmVssfllLP/1.8.0_202/lib/amd64/libavplugin-ffmpeg-56.so" shared="false" uninstallMode="1"/>
<entry name="/usr/local/i4j_jres/Oda-jK0QgTEmVssfllLP/1.8.0_202/lib/deploy/messages_pt_BR.properties" shared="false" uninstallMode="1"/>
<entry name=".install4j/installation.log" shared="false" uninstallMode="0"/>
<entry name="/usr/local/i4j_jres/Oda-jK0QgTEmVssfllLP/1.8.0_202/lib/amd64/libavplugin-54.so" shared="false" uninstallMode="1"/>
<entry name="/usr/local/i4j_jres/Oda-jK0QgTEmVssfllLP/1.8.0_202/lib/desktop/icons/HighContrastInverse/48x48/mimetypes/gnome-mime-application-x-java-archive.png" shared="false" uninstallMode="1"/>
<entry name="/usr/local/i4j_jres/Oda-jK0QgTEmVssfllLP/1.8.0_202/bin/java" shared="false" uninstallMode="1"/>
<entry name=".install4j/i4j_extf_21_w8hjbe.utf8" shared="false" uninstallMode="2"/>
<entry name="/usr/local/i4j_jres/Oda-jK0QgTEmVssfllLP/1.8.0_202/lib/images/cursors/motif_MoveNoDrop32x32.gif" shared="false" uninstallMode="1"/>
<entry name=".install4j/stats.properties" shared="false" uninstallMode="2"/>
<entry name=".install4j/i4j_extf_20_w8hjbe.utf8" shared="false" uninstallMode="2"/>
<entry name="/usr/local/i4j_jres/Oda-jK0QgTEmVssfllLP/1.8.0_202/lib/plugin.jar" shared="false" uninstallMode="1"/>
<entry name="/usr/local/i4j_jres/Oda-jK0QgTEmVssfllLP/1.8.0_202/lib/desktop/icons/HighContrastInverse/16x16/mimetypes/gnome-mime-text-x-java.png" shared="false" uninstallMode="1"/>
<entry name="/usr/local/i4j_jres/Oda-jK0QgTEmVssfllLP/1.8.0_202/lib/amd64/libjawt.so" shared="false" uninstallMode="1"/>
<entry name=".install4j/i4j_extf_34_w8hjbe.utf8" shared="false" uninstallMode="2"/>
<entry name=".install4j/i4j_extf_23_w8hjbe.utf8" shared="false" uninstallMode="2"/>
<entry name="/usr/local/i4j_jres/Oda-jK0QgTEmVssfllLP/1.8.0_202/lib/deploy/java-icon.ico" shared="false" uninstallMode="1"/>
<entry name="/usr/local/i4j_jres/Oda-jK0QgTEmVssfllLP/1.8.0_202/lib/amd64/libawt.so" shared="false" uninstallMode="1"/>
<entry name=".install4j/i4j_extf_36_w8hjbe.utf8" shared="false" uninstallMode="2"/>
<entry name=".install4j/i4j_extf_25_w8hjbe.utf8" shared="false" uninstallMode="2"/>
<entry name=".install4j/i4j_extf_38_w8hjbe.utf8" shared="false" uninstallMode="2"/>
<entry name="/usr/local/i4j_jres/Oda-jK0QgTEmVssfllLP/1.8.0_202/man/man1/jjs.1" shared="false" uninstallMode="1"/>
<entry name=".install4j/i4j_extf_26_w8hjbe.utf8" shared="false" uninstallMode="2"/>
<entry name=".install4j/i4j_extf_29_w8hjbe.utf8" shared="false" uninstallMode="2"/>
<entry name="/usr/local/i4j_jres/Oda-jK0QgTEmVssfllLP/1.8.0_202/lib/fontconfig.Turbo.properties.src" shared="false" uninstallMode="1"/>
<entry name="/usr/local/i4j_jres/Oda-jK0QgTEmVssfllLP/1.8.0_202/bin/jcontrol" shared="false" uninstallMode="1"/>
<entry name=".install4j/i4j_extf_28_w8hjbe.utf8" shared="false" uninstallMode="2"/>
<entry name=".install4j/i4j_extf_39_w8hjbe.utf8" shared="false" uninstallMode="2"/>
<entry name="/usr/local/i4j_jres/Oda-jK0QgTEmVssfllLP/1.8.0_202/bin/rmiregistry" shared="false" uninstallMode="1"/>
<entry name="/usr/local/i4j_jres/Oda-jK0QgTEmVssfllLP/1.8.0_202/lib/locale/it/LC_MESSAGES/sunw_java_plugin.mo" shared="false" uninstallMode="1"/>
<entry name="/usr/local/i4j_jres/Oda-jK0QgTEmVssfllLP/1.8.0_202/lib/deploy/MixedCodeMainDialog.ui" shared="false" uninstallMode="1"/>
<entry name="/usr/local/i4j_jres/Oda-jK0QgTEmVssfllLP/1.8.0_202/lib/desktop/icons/LowContrast/48x48/apps/sun-java.png" shared="false" uninstallMode="1"/>
<entry name="/usr/local/i4j_jres/Oda-jK0QgTEmVssfllLP/1.8.0_202/lib/amd64/libinstrument.so" shared="false" uninstallMode="1"/>
<entry name="jars/jackson-core-2.12.3.jar" shared="false" uninstallMode="0"/>
<entry name=".install4j/i4j_extf_33_w8hjbe.utf8" shared="false" uninstallMode="2"/>
<entry name="/usr/local/bin/ibgateway" shared="false" uninstallMode="0"/>
<entry name="/usr/local/i4j_jres/Oda-jK0QgTEmVssfllLP/1.8.0_202/man/man1/servertool.1" shared="false" uninstallMode="1"/>
<entry name=".install4j/i4j_extf_10_w8hjbe.utf8" shared="false" uninstallMode="2"/>
<entry name="/usr/local/i4j_jres/Oda-jK0QgTEmVssfllLP/1.8.0_202/lib/desktop/icons/HighContrast/48x48/mimetypes/gnome-mime-text-x-java.png" shared="false" uninstallMode="1"/>
<entry name=".install4j/i4j_extf_11_w8hjbe.properties" shared="false" uninstallMode="2"/>
<entry name=".install4j/i4j_extf_31_w8hjbe.utf8" shared="false" uninstallMode="2"/>
<entry name=".install4j/i4j_extf_30_w8hjbe.utf8" shared="false" uninstallMode="2"/>
<entry name="/usr/local/i4j_jres/Oda-jK0QgTEmVssfllLP/1.8.0_202/lib/fonts/LucidaTypewriterBold.ttf" shared="false" uninstallMode="1"/>
<entry name="/usr/local/i4j_jres/Oda-jK0QgTEmVssfllLP/1.8.0_202/lib/desktop/icons/HighContrast/16x16/apps/sun-java.png" shared="false" uninstallMode="1"/>
<entry name="/usr/local/i4j_jres/Oda-jK0QgTEmVssfllLP/1.8.0_202/lib/images/cursors/motif_CopyDrop32x32.gif" shared="false" uninstallMode="1"/>
<entry name="/usr/local/i4j_jres/Oda-jK0QgTEmVssfllLP/1.8.0_202/lib/locale/de/LC_MESSAGES/sunw_java_plugin.mo" shared="false" uninstallMode="1"/>
<entry name="/usr/local/i4j_jres/Oda-jK0QgTEmVssfllLP/1.8.0_202/lib/amd64/libavplugin-53.so" shared="false" uninstallMode="1"/>
<entry name="/usr/local/i4j_jres/Oda-jK0QgTEmVssfllLP/1.8.0_202/lib/jfr/default.jfc" shared="false" uninstallMode="1"/>
<entry name="/usr/local/i4j_jres/Oda-jK0QgTEmVssfllLP/1.8.0_202/lib/amd64/libnet.so" shared="false" uninstallMode="1"/>
<entry name="/usr/local/i4j_jres/Oda-jK0QgTEmVssfllLP/1.8.0_202/lib/deploy/splash@2x.gif" shared="false" uninstallMode="1"/>
<entry name="/usr/local/i4j_jres/Oda-jK0QgTEmVssfllLP/1.8.0_202/man/ja_JP.UTF-8/man1/jjs.1" shared="false" uninstallMode="1"/>
<entry name="/usr/local/i4j_jres/Oda-jK0QgTEmVssfllLP/1.8.0_202/lib/amd64/libunpack.so" shared="false" uninstallMode="1"/>
<entry name="/usr/local/i4j_jres/Oda-jK0QgTEmVssfllLP/1.8.0_202/lib/ext/sunec.jar" shared="false" uninstallMode="1"/>
<entry name=".install4j/user/flatlaf.jar" shared="false" uninstallMode="2"/>
<entry name="/usr/local/i4j_jres/Oda-jK0QgTEmVssfllLP/1.8.0_202/lib/fonts/LucidaBrightRegular.ttf" shared="false" uninstallMode="1"/>
<entry name="/usr/local/i4j_jres/Oda-jK0QgTEmVssfllLP/1.8.0_202/lib/currency.data" shared="false" uninstallMode="1"/>
<entry name="jars/log4j-core-2.17.1.jar" shared="false" uninstallMode="0"/>
<entry name="/usr/local/i4j_jres/Oda-jK0QgTEmVssfllLP/1.8.0_202/lib/tzdb.dat" shared="false" uninstallMode="1"/>
<entry name="/usr/local/i4j_jres/Oda-jK0QgTEmVssfllLP/1.8.0_202/lib/security/java.policy" shared="false" uninstallMode="1"/>
<entry name="/usr/local/i4j_jres/Oda-jK0QgTEmVssfllLP/1.8.0_202/lib/desktop/icons/HighContrastInverse/48x48/mimetypes/gnome-mime-application-x-java-jnlp-file.png" shared="false" uninstallMode="1"/>
<entry name="/usr/local/i4j_jres/Oda-jK0QgTEmVssfllLP/1.8.0_202/THIRDPARTYLICENSEREADME-JAVAFX.txt" shared="false" uninstallMode="1"/>
<entry name="/usr/local/i4j_jres/Oda-jK0QgTEmVssfllLP/1.8.0_202/lib/amd64/libdcpr.so" shared="false" uninstallMode="1"/>
<entry name=".install4j/i4j_extf_14_w8hjbe.utf8" shared="false" uninstallMode="2"/>
<entry name="/usr/local/i4j_jres/Oda-jK0QgTEmVssfllLP/1.8.0_202/lib/amd64/libjpeg.so" shared="false" uninstallMode="1"/>
<entry name="/usr/local/i4j_jres/Oda-jK0QgTEmVssfllLP/1.8.0_202/lib/desktop/icons/LowContrast/48x48/apps/sun-jcontrol.png" shared="false" uninstallMode="1"/>
<entry name="/usr/local/i4j_jres/Oda-jK0QgTEmVssfllLP/1.8.0_202/lib/fontconfig.SuSE.10.bfc" shared="false" uninstallMode="1"/>
<entry name="/usr/local/i4j_jres/Oda-jK0QgTEmVssfllLP/1.8.0_202/lib/deploy/messages_zh_TW.properties" shared="false" uninstallMode="1"/>
<entry name="/usr/local/i4j_jres/Oda-jK0QgTEmVssfllLP/1.8.0_202/lib/fonts/LucidaBrightItalic.ttf" shared="false" uninstallMode="1"/>
<entry name=".install4j/i4jruntime.jar" shared="false" uninstallMode="2"/>
<entry name="jre/lib/i386/client/classes.jsa" shared="false" uninstallMode="0"/>
<entry name="/usr/local/i4j_jres/Oda-jK0QgTEmVssfllLP/1.8.0_202/lib/desktop/icons/HighContrastInverse/16x16/mimetypes/gnome-mime-application-x-java-archive.png" shared="false" uninstallMode="1"/>
<entry name="/usr/local/i4j_jres/Oda-jK0QgTEmVssfllLP/1.8.0_202/lib/amd64/server/libjsig.so" shared="false" uninstallMode="0"/>
<entry name="/usr/local/i4j_jres/Oda-jK0QgTEmVssfllLP/1.8.0_202/lib/images/icons/sun-java_HighContrastInverse.png" shared="false" uninstallMode="1"/>
<entry name="/usr/local/i4j_jres/Oda-jK0QgTEmVssfllLP/1.8.0_202/lib/fontconfig.Turbo.bfc" shared="false" uninstallMode="1"/>
<entry name="/usr/local/i4j_jres/Oda-jK0QgTEmVssfllLP/1.8.0_202/lib/deploy/cautionshield.icns" shared="false" uninstallMode="1"/>
<entry name="/usr/local/i4j_jres/Oda-jK0QgTEmVssfllLP/1.8.0_202/man/man1/tnameserv.1" shared="false" uninstallMode="1"/>
<entry name="/usr/local/i4j_jres/Oda-jK0QgTEmVssfllLP/1.8.0_202/lib/jsse.jar" shared="false" uninstallMode="1"/>
<entry name="/usr/local/i4j_jres/Oda-jK0QgTEmVssfllLP/1.8.0_202/lib/images/cursors/invalid32x32.gif" shared="false" uninstallMode="1"/>
<entry name=".install4j/i4j_extf_37_w8hjbe.properties" shared="false" uninstallMode="2"/>
<entry name="/usr/local/i4j_jres/Oda-jK0QgTEmVssfllLP/1.8.0_202/man/man1/unpack200.1" shared="false" uninstallMode="1"/>
<entry name=".install4j/libi4jinst2.dylib" shared="false" uninstallMode="2"/>
<entry name="/usr/local/i4j_jres/Oda-jK0QgTEmVssfllLP/1.8.0_202/lib/content-types.properties" shared="false" uninstallMode="1"/>
<entry name="/usr/local/i4j_jres/Oda-jK0QgTEmVssfllLP/1.8.0_202/lib/desktop/icons/LowContrast/16x16/apps/sun-jcontrol.png" shared="false" uninstallMode="1"/>
<entry name="/usr/local/i4j_jres/Oda-jK0QgTEmVssfllLP/1.8.0_202/lib/management/jmxremote.access" shared="false" uninstallMode="1"/>
<entry name="/usr/local/i4j_jres/Oda-jK0QgTEmVssfllLP/1.8.0_202/lib/locale/zh.GBK/LC_MESSAGES/sunw_java_plugin.mo" shared="false" uninstallMode="1"/>
<entry name="/usr/local/i4j_jres/Oda-jK0QgTEmVssfllLP/1.8.0_202/lib/desktop/icons/hicolor/16x16/apps/sun-jcontrol.png" shared="false" uninstallMode="1"/>
<entry name=".install4j/i4j_extf_7_w8hjbe.utf8" shared="false" uninstallMode="2"/>
<entry name="/usr/local/i4j_jres/Oda-jK0QgTEmVssfllLP/1.8.0_202/lib/amd64/libfontmanager.so" shared="false" uninstallMode="1"/>
<entry name="ibgateway" shared="false" uninstallMode="0"/>
<entry name="/usr/local/i4j_jres/Oda-jK0QgTEmVssfllLP/1.8.0_202/man/man1/keytool.1" shared="false" uninstallMode="1"/>
<entry name="/usr/local/i4j_jres/Oda-jK0QgTEmVssfllLP/1.8.0_202/lib/desktop/icons/LowContrast/48x48/mimetypes/gnome-mime-text-x-java.png" shared="false" uninstallMode="1"/>
<entry name="/usr/local/i4j_jres/Oda-jK0QgTEmVssfllLP/1.8.0_202/lib/amd64/libavplugin-57.so" shared="false" uninstallMode="1"/>
<entry name="/usr/local/i4j_jres/Oda-jK0QgTEmVssfllLP/1.8.0_202/lib/jce.jar" shared="false" uninstallMode="1"/>
<entry name="/usr/local/i4j_jres/Oda-jK0QgTEmVssfllLP/1.8.0_202/lib/amd64/libjfr.so" shared="false" uninstallMode="1"/>
<entry name="/usr/local/i4j_jres/Oda-jK0QgTEmVssfllLP/1.8.0_202/lib/management-agent.jar" shared="false" uninstallMode="1"/>
<entry name="/usr/local/i4j_jres/Oda-jK0QgTEmVssfllLP/1.8.0_202/lib/amd64/libdecora_sse.so" shared="false" uninstallMode="1"/>
<entry name="/usr/local/i4j_jres/Oda-jK0QgTEmVssfllLP/1.8.0_202/lib/management/jmxremote.password.template" shared="false" uninstallMode="1"/>
<entry name="/usr/local/i4j_jres/Oda-jK0QgTEmVssfllLP/1.8.0_202/lib/fonts/LucidaBrightDemiBold.ttf" shared="false" uninstallMode="1"/>
<entry name="/usr/local/i4j_jres/Oda-jK0QgTEmVssfllLP/1.8.0_202/lib/amd64/libzip.so" shared="false" uninstallMode="1"/>
<entry name=".install4j/i4j_extf_22_w8hjbe.properties" shared="false" uninstallMode="2"/>
<entry name="/usr/local/i4j_jres/Oda-jK0QgTEmVssfllLP/1.8.0_202/lib/amd64/libdt_socket.so" shared="false" uninstallMode="1"/>
<entry name="/usr/local/i4j_jres/Oda-jK0QgTEmVssfllLP/1.8.0_202/lib/amd64/libglib-lite.so" shared="false" uninstallMode="1"/>
<entry name="/usr/local/i4j_jres/Oda-jK0QgTEmVssfllLP/1.8.0_202/lib/amd64/libsctp.so" shared="false" uninstallMode="1"/>
<entry name="/usr/local/i4j_jres/Oda-jK0QgTEmVssfllLP/1.8.0_202/lib/logging.properties" shared="false" uninstallMode="1"/>
<entry name="/usr/local/i4j_jres/Oda-jK0QgTEmVssfllLP/1.8.0_202/lib/ext/jfxrt.jar" shared="false" uninstallMode="1"/>
<entry name="/usr/local/i4j_jres/Oda-jK0QgTEmVssfllLP/1.8.0_202/lib/images/cursors/motif_MoveDrop32x32.gif" shared="false" uninstallMode="1"/>
<entry name="/usr/local/i4j_jres/Oda-jK0QgTEmVssfllLP/1.8.0_202/bin/javaws" shared="false" uninstallMode="1"/>
<entry name=".install4j/i4j_extf_3_w8hjbe.properties" shared="false" uninstallMode="2"/>
<entry name="/usr/local/i4j_jres/Oda-jK0QgTEmVssfllLP/1.8.0_202/lib/images/cursors/motif_CopyNoDrop32x32.gif" shared="false" uninstallMode="1"/>
<entry name="/usr/local/i4j_jres/Oda-jK0QgTEmVssfllLP/1.8.0_202/lib/amd64/libjdwp.so" shared="false" uninstallMode="1"/>
<entry name="/usr/local/i4j_jres/Oda-jK0QgTEmVssfllLP/1.8.0_202/lib/amd64/libverify.so" shared="false" uninstallMode="1"/>
<entry name=".install4j/i4j_extf_5_w8hjbe.properties" shared="false" uninstallMode="2"/>
<entry name="/usr/local/i4j_jres/Oda-jK0QgTEmVssfllLP/1.8.0_202/lib/locale/zh_TW.BIG5/LC_MESSAGES/sunw_java_plugin.mo" shared="false" uninstallMode="1"/>
<entry name="/usr/local/i4j_jres/Oda-jK0QgTEmVssfllLP/1.8.0_202/lib/deploy/messages.properties" shared="false" uninstallMode="1"/>
<entry name=".install4j/i4j_extf_42_w8hjbe_18gg8kx@2x.png" shared="false" uninstallMode="2"/>
<entry name="/usr/local/i4j_jres/Oda-jK0QgTEmVssfllLP/1.8.0_202/lib/amd64/libglassgtk3.so" shared="false" uninstallMode="1"/>
<entry name="/usr/local/i4j_jres/Oda-jK0QgTEmVssfllLP/1.8.0_202/man/man1/policytool.1" shared="false" uninstallMode="1"/>
<entry name="/usr/local/i4j_jres/Oda-jK0QgTEmVssfllLP/1.8.0_202/lib/hijrah-config-umalqura.properties" shared="false" uninstallMode="1"/>
<entry name="/usr/local/i4j_jres/Oda-jK0QgTEmVssfllLP/1.8.0_202/man/ja_JP.UTF-8/man1/unpack200.1" shared="false" uninstallMode="1"/>
<entry name="/usr/local/i4j_jres/Oda-jK0QgTEmVssfllLP/1.8.0_202/lib/desktop/icons/HighContrastInverse/48x48/mimetypes/gnome-mime-text-x-java.png" shared="false" uninstallMode="1"/>
<entry name="/usr/local/i4j_jres/Oda-jK0QgTEmVssfllLP/1.8.0_202/lib/amd64/libjava_crw_demo.so" shared="false" uninstallMode="1"/>
<entry name=".install4j/install.prop" shared="false" uninstallMode="0"/>
<entry name="/usr/local/i4j_jres/Oda-jK0QgTEmVssfllLP/1.8.0_202/lib/deploy/splash_11@2x-lic.gif" shared="false" uninstallMode="1"/>
<entry name="/usr/local/i4j_jres/Oda-jK0QgTEmVssfllLP/1.8.0_202/lib/locale/zh/LC_MESSAGES/sunw_java_plugin.mo" shared="false" uninstallMode="1"/>
<entry name="uninstall" shared="false" uninstallMode="0"/>
<entry name="/usr/local/i4j_jres/Oda-jK0QgTEmVssfllLP/1.8.0_202/man/ja_JP.UTF-8/man1/tnameserv.1" shared="false" uninstallMode="1"/>
<entry name="/usr/local/i4j_jres/Oda-jK0QgTEmVssfllLP/1.8.0_202/lib/desktop/icons/HighContrast/48x48/mimetypes/gnome-mime-application-x-java-archive.png" shared="false" uninstallMode="1"/>
<entry name="/usr/local/i4j_jres/Oda-jK0QgTEmVssfllLP/1.8.0_202/lib/desktop/icons/hicolor/16x16/mimetypes/gnome-mime-text-x-java.png" shared="false" uninstallMode="1"/>
<entry name=".install4j/i4j_extf_18_w8hjbe.properties" shared="false" uninstallMode="2"/>
<entry name="/usr/local/i4j_jres/Oda-jK0QgTEmVssfllLP/1.8.0_202/lib/fontconfig.SuSE.11.bfc" shared="false" uninstallMode="1"/>
<entry name="/usr/local/i4j_jres/Oda-jK0QgTEmVssfllLP/1.8.0_202/lib/desktop/icons/hicolor/48x48/apps/sun-jcontrol.png" shared="false" uninstallMode="1"/>
<entry name="/usr/local/i4j_jres/Oda-jK0QgTEmVssfllLP/1.8.0_202/lib/amd64/libavplugin-56.so" shared="false" uninstallMode="1"/>
<entry name="/usr/local/i4j_jres/Oda-jK0QgTEmVssfllLP/1.8.0_202/lib/amd64/libawt_headless.so" shared="false" uninstallMode="1"/>
<entry name="data/auditsummary.xsl" shared="false" uninstallMode="0"/>
<entry name=".install4j/i4j_extf_24_w8hjbe.properties" shared="false" uninstallMode="2"/>
<entry name="/usr/local/i4j_jres/Oda-jK0QgTEmVssfllLP/1.8.0_202/lib/ext/cldrdata.jar" shared="false" uninstallMode="1"/>
<entry name=".install4j/ibgateway.png" shared="false" uninstallMode="2"/>
<entry name="/usr/local/i4j_jres/Oda-jK0QgTEmVssfllLP/1.8.0_202/lib/desktop/icons/LowContrast/16x16/mimetypes/gnome-mime-application-x-java-archive.png" shared="false" uninstallMode="1"/>
<entry name="/usr/local/i4j_jres/Oda-jK0QgTEmVssfllLP/1.8.0_202/lib/classlist" shared="false" uninstallMode="1"/>
<entry name="/usr/local/i4j_jres/Oda-jK0QgTEmVssfllLP/1.8.0_202/lib/meta-index" shared="false" uninstallMode="1"/>
<entry name=".install4j/i4j_extf_16_w8hjbe.properties" shared="false" uninstallMode="2"/>
<entry name="/usr/local/i4j_jres/Oda-jK0QgTEmVssfllLP/1.8.0_202/man/man1/javaws.1" shared="false" uninstallMode="1"/>
<entry name="jre/bin/client/classes.jsa" shared="false" uninstallMode="0"/>
<entry name="/usr/local/i4j_jres/Oda-jK0QgTEmVssfllLP/1.8.0_202/lib/amd64/libjava.so" shared="false" uninstallMode="1"/>
<entry name="data/audit.xsl" shared="false" uninstallMode="0"/>
<entry name="/usr/local/i4j_jres/Oda-jK0QgTEmVssfllLP/1.8.0_202/lib/desktop/mime/packages/x-java-archive.xml" shared="false" uninstallMode="1"/>
<entry name="/usr/local/i4j_jres/Oda-jK0QgTEmVssfllLP/1.8.0_202/lib/amd64/libjsdt.so" shared="false" uninstallMode="1"/>
<entry name=".install4j/inst_jre.cfg" shared="false" uninstallMode="0"/>
<entry name="/usr/local/i4j_jres/Oda-jK0QgTEmVssfllLP/1.8.0_202/lib/locale/ko.UTF-8/LC_MESSAGES/sunw_java_plugin.mo" shared="false" uninstallMode="1"/>
<entry name="jars/locales.jar" shared="false" uninstallMode="0"/>
<entry name="/usr/local/i4j_jres/Oda-jK0QgTEmVssfllLP/1.8.0_202/lib/amd64/libnpjp2.so" shared="false" uninstallMode="1"/>
<entry name="/usr/local/i4j_jres/Oda-jK0QgTEmVssfllLP/1.8.0_202/lib/desktop/icons/hicolor/48x48/mimetypes/gnome-mime-application-x-java-jnlp-file.png" shared="false" uninstallMode="1"/>
<entry name="jars/log4j-api-2.17.1.jar" shared="false" uninstallMode="0"/>
<entry name="/usr/local/i4j_jres/Oda-jK0QgTEmVssfllLP/1.8.0_202/lib/amd64/libawt_xawt.so" shared="false" uninstallMode="1"/>
<entry name="/usr/local/i4j_jres/Oda-jK0QgTEmVssfllLP/1.8.0_202/bin/rmid" shared="false" uninstallMode="1"/>
<entry name="/usr/local/i4j_jres/Oda-jK0QgTEmVssfllLP/1.8.0_202/bin/servertool" shared="false" uninstallMode="1"/>
<entry name="/usr/local/i4j_jres/Oda-jK0QgTEmVssfllLP/1.8.0_202/lib/fonts/LucidaSansRegular.ttf" shared="false" uninstallMode="1"/>
<entry name="/usr/local/i4j_jres/Oda-jK0QgTEmVssfllLP/1.8.0_202/lib/security/policy/limited/local_policy.jar" shared="false" uninstallMode="1"/>
<entry name="jre/lib/amd64/client/classes.jsa" shared="false" uninstallMode="0"/>
<entry name="/usr/local/i4j_jres/Oda-jK0QgTEmVssfllLP/1.8.0_202/lib/javafx.properties" shared="false" uninstallMode="1"/>
<entry name="/usr/local/i4j_jres/Oda-jK0QgTEmVssfllLP/1.8.0_202/lib/deploy/messages_zh_HK.properties" shared="false" uninstallMode="1"/>
<entry name=".install4j/autoUninstall.1" shared="false" uninstallMode="0"/>
<entry name="/usr/local/i4j_jres/Oda-jK0QgTEmVssfllLP/1.8.0_202/lib/desktop/icons/LowContrast/16x16/mimetypes/gnome-mime-application-x-java-jnlp-file.png" shared="false" uninstallMode="1"/>
<entry name="/usr/local/i4j_jres/Oda-jK0QgTEmVssfllLP/1.8.0_202/COPYRIGHT" shared="false" uninstallMode="1"/>
<entry name="/usr/local/i4j_jres/Oda-jK0QgTEmVssfllLP/1.8.0_202/lib/jvm.hprof.txt" shared="false" uninstallMode="1"/>
<entry name="/usr/local/i4j_jres/Oda-jK0QgTEmVssfllLP/1.8.0_202/lib/deploy/MixedCodeMainDialogJs.ui" shared="false" uninstallMode="1"/>
<entry name="/usr/local/i4j_jres/Oda-jK0QgTEmVssfllLP/1.8.0_202/lib/amd64/libjavafx_font.so" shared="false" uninstallMode="1"/>
<entry name="/usr/local/i4j_jres/Oda-jK0QgTEmVssfllLP/1.8.0_202/lib/amd64/libjfxmedia.so" shared="false" uninstallMode="1"/>
<entry name=".install4j/i4j_extf_32_w8hjbe.properties" shared="false" uninstallMode="2"/>
<entry name="/usr/local/i4j_jres/Oda-jK0QgTEmVssfllLP/1.8.0_202/lib/desktop/icons/hicolor/48x48/apps/sun-java.png" shared="false" uninstallMode="1"/>
<entry name="/usr/local/i4j_jres/Oda-jK0QgTEmVssfllLP/1.8.0_202/THIRDPARTYLICENSEREADME.txt" shared="false" uninstallMode="1"/>
<entry name="jre/lib/amd64/server/classes.jsa" shared="false" uninstallMode="0"/>
<entry name="/usr/local/i4j_jres/Oda-jK0QgTEmVssfllLP/1.8.0_202/lib/fontconfig.bfc" shared="false" uninstallMode="1"/>
<entry name="/usr/local/i4j_jres/Oda-jK0QgTEmVssfllLP/1.8.0_202/lib/sound.properties" shared="false" uninstallMode="1"/>
<entry name="/usr/local/i4j_jres/Oda-jK0QgTEmVssfllLP/1.8.0_202/bin/policytool" shared="false" uninstallMode="1"/>
<entry name="/usr/local/i4j_jres/Oda-jK0QgTEmVssfllLP/1.8.0_202/lib/psfont.properties.ja" shared="false" uninstallMode="1"/>
<entry name="/usr/local/i4j_jres/Oda-jK0QgTEmVssfllLP/1.8.0_202/lib/amd64/libglass.so" shared="false" uninstallMode="1"/>
<entry name="/usr/local/i4j_jres/Oda-jK0QgTEmVssfllLP/1.8.0_202/lib/deploy/messages_es.properties" shared="false" uninstallMode="1"/>
<entry name="/usr/local/i4j_jres/Oda-jK0QgTEmVssfllLP/1.8.0_202/man/ja_JP.UTF-8/man1/keytool.1" shared="false" uninstallMode="1"/>
<entry name="jars/jxbrowser-linux64-7.26.jar" shared="false" uninstallMode="0"/>
<entry name="/usr/local/i4j_jres/Oda-jK0QgTEmVssfllLP/1.8.0_202/lib/desktop/mime/packages/x-java-jnlp-file.xml" shared="false" uninstallMode="1"/>
<entry name="/usr/local/i4j_jres/Oda-jK0QgTEmVssfllLP/1.8.0_202/lib/images/cursors/motif_LinkDrop32x32.gif" shared="false" uninstallMode="1"/>
<entry name=".install4j/pref_jre.cfg" shared="false" uninstallMode="0"/>
<entry name="/usr/local/i4j_jres/Oda-jK0QgTEmVssfllLP/1.8.0_202/lib/fontconfig.properties.src" shared="false" uninstallMode="1"/>
<entry name="jars/twslaunch-1019.jar" shared="false" uninstallMode="0"/>
<entry name="/usr/local/i4j_jres/Oda-jK0QgTEmVssfllLP/1.8.0_202/lib/amd64/libjfxwebkit.so" shared="false" uninstallMode="1"/>
<entry name="/usr/local/i4j_jres/Oda-jK0QgTEmVssfllLP/1.8.0_202/lib/ext/meta-index" shared="false" uninstallMode="1"/>
<entry name="/usr/local/i4j_jres/Oda-jK0QgTEmVssfllLP/1.8.0_202/man/ja_JP.UTF-8/man1/rmiregistry.1" shared="false" uninstallMode="1"/>
<entry name="/usr/local/i4j_jres/Oda-jK0QgTEmVssfllLP/1.8.0_202/lib/desktop/icons/HighContrast/48x48/apps/sun-java.png" shared="false" uninstallMode="1"/>
<entry name="/usr/local/i4j_jres/Oda-jK0QgTEmVssfllLP/1.8.0_202/lib/ext/localedata.jar" shared="false" uninstallMode="1"/>
<entry name="/usr/local/i4j_jres/Oda-jK0QgTEmVssfllLP/1.8.0_202/lib/desktop/icons/LowContrast/48x48/mimetypes/gnome-mime-application-x-java-archive.png" shared="false" uninstallMode="1"/>
<entry name="/usr/local/i4j_jres/Oda-jK0QgTEmVssfllLP/1.8.0_202/lib/rt.jar" shared="false" uninstallMode="1"/>
<entry name="/usr/local/i4j_jres/Oda-jK0QgTEmVssfllLP/1.8.0_202/lib/locale/fr/LC_MESSAGES/sunw_java_plugin.mo" shared="false" uninstallMode="1"/>
<entry name="/usr/local/i4j_jres/Oda-jK0QgTEmVssfllLP/1.8.0_202/lib/fonts/LucidaBrightDemiItalic.ttf" shared="false" uninstallMode="1"/>
<entry name="/usr/local/i4j_jres/Oda-jK0QgTEmVssfllLP/1.8.0_202/lib/calendars.properties" shared="false" uninstallMode="1"/>
<entry name="/usr/local/i4j_jres/Oda-jK0QgTEmVssfllLP/1.8.0_202/bin/._ControlPanel" shared="false" uninstallMode="1"/>
<entry name="/usr/local/i4j_jres/Oda-jK0QgTEmVssfllLP/1.8.0_202/lib/amd64/libprism_common.so" shared="false" uninstallMode="1"/>
<entry name="/usr/local/i4j_jres/Oda-jK0QgTEmVssfllLP/1.8.0_202/lib/management/snmp.acl.template" shared="false" uninstallMode="1"/>
<entry name="/usr/local/i4j_jres/Oda-jK0QgTEmVssfllLP/1.8.0_202/lib/deploy/messages_de.properties" shared="false" uninstallMode="1"/>
<entry name="/usr/local/i4j_jres/Oda-jK0QgTEmVssfllLP/1.8.0_202/lib/cmm/GRAY.pf" shared="false" uninstallMode="1"/>
<entry name="/usr/local/i4j_jres/Oda-jK0QgTEmVssfllLP/1.8.0_202/lib/desktop/icons/hicolor/16x16/mimetypes/gnome-mime-application-x-java-jnlp-file.png" shared="false" uninstallMode="1"/>
<entry name="/usr/local/i4j_jres/Oda-jK0QgTEmVssfllLP/1.8.0_202/lib/amd64/libdeploy.so" shared="false" uninstallMode="1"/>
<entry name="/usr/local/i4j_jres/Oda-jK0QgTEmVssfllLP/1.8.0_202/lib/desktop/icons/HighContrast/16x16/mimetypes/gnome-mime-application-x-java-archive.png" shared="false" uninstallMode="1"/>
<entry name="/usr/local/i4j_jres/Oda-jK0QgTEmVssfllLP/1.8.0_202/lib/deploy/splash.gif" shared="false" uninstallMode="1"/>
<entry name="/usr/local/i4j_jres/Oda-jK0QgTEmVssfllLP/1.8.0_202/lib/security/trusted.libraries" shared="false" uninstallMode="1"/>
<entry name=".install4j/install4j_1d0vjrh-ibgateway.desktop" shared="false" uninstallMode="2"/>
<entry name="/usr/local/i4j_jres/Oda-jK0QgTEmVssfllLP/1.8.0_202/lib/flavormap.properties" shared="false" uninstallMode="1"/>
<entry name="/usr/local/i4j_jres/Oda-jK0QgTEmVssfllLP/1.8.0_202/lib/amd64/libmlib_image.so" shared="false" uninstallMode="1"/>
<entry name="/usr/local/i4j_jres/Oda-jK0QgTEmVssfllLP/1.8.0_202/lib/desktop/icons/HighContrastInverse/16x16/apps/sun-javaws.png" shared="false" uninstallMode="1"/>
<entry name=".install4j/i4j_extf_35_w8hjbe.properties" shared="false" uninstallMode="2"/>
<entry name="/usr/local/i4j_jres/Oda-jK0QgTEmVssfllLP/1.8.0_202/lib/desktop/icons/LowContrast/16x16/apps/sun-java.png" shared="false" uninstallMode="1"/>
<entry name="/usr/local/i4j_jres/Oda-jK0QgTEmVssfllLP/1.8.0_202/lib/desktop/icons/HighContrastInverse/16x16/apps/sun-jcontrol.png" shared="false" uninstallMode="1"/>
<entry name="jars/twslaunch-install4j-1.12.jar" shared="false" uninstallMode="0"/>
<entry name="jars/jts4launch-1019.jar" shared="false" uninstallMode="0"/>
<entry name="/usr/local/i4j_jres/Oda-jK0QgTEmVssfllLP/1.8.0_202/lib/images/icons/sun-java.png" shared="false" uninstallMode="1"/>
<entry name="/usr/local/i4j_jres/Oda-jK0QgTEmVssfllLP/1.8.0_202/lib/security/policy/unlimited/US_export_policy.jar" shared="false" uninstallMode="1"/>
<entry name="/usr/local/i4j_jres/Oda-jK0QgTEmVssfllLP/1.8.0_202/lib/oblique-fonts/fonts.dir" shared="false" uninstallMode="1"/>
<entry name="/usr/local/i4j_jres/Oda-jK0QgTEmVssfllLP/1.8.0_202/lib/desktop/icons/hicolor/48x48/apps/sun-javaws.png" shared="false" uninstallMode="1"/>
<entry name="/usr/local/i4j_jres/Oda-jK0QgTEmVssfllLP/1.8.0_202/lib/amd64/libt2k.so" shared="false" uninstallMode="1"/>
<entry name="jre/bin/server/classes.jsa" shared="false" uninstallMode="0"/>
<entry name="jre/lib/sparc/client/classes.jsa" shared="false" uninstallMode="0"/>
<entry name="/usr/local/i4j_jres/Oda-jK0QgTEmVssfllLP/1.8.0_202/lib/desktop/applications/sun_java.desktop" shared="false" uninstallMode="1"/>
<entry name="/usr/local/i4j_jres/Oda-jK0QgTEmVssfllLP/1.8.0_202/lib/psfontj2d.properties" shared="false" uninstallMode="1"/>
<entry name="/usr/local/i4j_jres/Oda-jK0QgTEmVssfllLP/1.8.0_202/lib/amd64/libjavafx_iio.so" shared="false" uninstallMode="1"/>
<entry name="/usr/local/i4j_jres/Oda-jK0QgTEmVssfllLP/1.8.0_202/lib/security/cacerts" shared="false" uninstallMode="1"/>
<entry name="/usr/local/i4j_jres/Oda-jK0QgTEmVssfllLP/1.8.0_202/lib/amd64/libj2gss.so" shared="false" uninstallMode="1"/>
<entry name="/usr/local/i4j_jres/Oda-jK0QgTEmVssfllLP/1.8.0_202/man/man1/pack200.1" shared="false" uninstallMode="1"/>
<entry name="/usr/local/i4j_jres/Oda-jK0QgTEmVssfllLP/1.8.0_202/lib/desktop/icons/HighContrast/48x48/mimetypes/gnome-mime-application-x-java-jnlp-file.png" shared="false" uninstallMode="1"/>
<entry name="/usr/local/i4j_jres/Oda-jK0QgTEmVssfllLP/1.8.0_202/lib/cmm/sRGB.pf" shared="false" uninstallMode="1"/>
<entry name="/usr/local/i4j_jres/Oda-jK0QgTEmVssfllLP/1.8.0_202/lib/amd64/libbci.so" shared="false" uninstallMode="1"/>
<entry name="/usr/local/i4j_jres/Oda-jK0QgTEmVssfllLP/1.8.0_202/man/ja" shared="false" uninstallMode="0"/>
<entry name="/usr/local/i4j_jres/Oda-jK0QgTEmVssfllLP/1.8.0_202/lib/locale/pt_BR/LC_MESSAGES/sunw_java_plugin.mo" shared="false" uninstallMode="1"/>
<entry name=".install4j/launcher0.jar" shared="false" uninstallMode="2"/>
<entry name="/usr/local/i4j_jres/Oda-jK0QgTEmVssfllLP/1.8.0_202/lib/javaws.jar" shared="false" uninstallMode="1"/>
<entry name="/usr/local/i4j_jres/Oda-jK0QgTEmVssfllLP/1.8.0_202/lib/amd64/libsplashscreen.so" shared="false" uninstallMode="1"/>
<entry name=".install4j/restarter" shared="false" uninstallMode="0"/>
<entry name="/usr/local/i4j_jres/Oda-jK0QgTEmVssfllLP/1.8.0_202/lib/ext/dnsns.jar" shared="false" uninstallMode="1"/>
<entry name="/usr/local/i4j_jres/Oda-jK0QgTEmVssfllLP/1.8.0_202/lib/fonts/LucidaSansDemiBold.ttf" shared="false" uninstallMode="1"/>
<entry name="/usr/local/i4j_jres/Oda-jK0QgTEmVssfllLP/1.8.0_202/lib/amd64/libjavafx_font_freetype.so" shared="false" uninstallMode="1"/>
<entry name="/usr/local/i4j_jres/Oda-jK0QgTEmVssfllLP/1.8.0_202/lib/amd64/libjavafx_font_t2k.so" shared="false" uninstallMode="1"/>
<entry name="/usr/local/i4j_jres/Oda-jK0QgTEmVssfllLP/1.8.0_202/lib/oblique-fonts/LucidaTypewriterBoldOblique.ttf" shared="false" uninstallMode="1"/>
<entry name="jre/lib/i386/server/classes.jsa" shared="false" uninstallMode="0"/>
<entry name="/usr/local/i4j_jres/Oda-jK0QgTEmVssfllLP/1.8.0_202/lib/amd64/libgstreamer-lite.so" shared="false" uninstallMode="1"/>
<entry name="/usr/local/i4j_jres/Oda-jK0QgTEmVssfllLP/1.8.0_202/lib/cmm/PYCC.pf" shared="false" uninstallMode="1"/>
<entry name="/usr/local/i4j_jres/Oda-jK0QgTEmVssfllLP/1.8.0_202/lib/amd64/libjsound.so" shared="false" uninstallMode="1"/>
<entry name="/usr/local/i4j_jres/Oda-jK0QgTEmVssfllLP/1.8.0_202/lib/cmm/CIEXYZ.pf" shared="false" uninstallMode="1"/>
<entry name="/usr/local/i4j_jres/Oda-jK0QgTEmVssfllLP/1.8.0_202/lib/jfr/profile.jfc" shared="false" uninstallMode="1"/>
<entry name="/usr/local/i4j_jres/Oda-jK0QgTEmVssfllLP/1.8.0_202/lib/locale/es/LC_MESSAGES/sunw_java_plugin.mo" shared="false" uninstallMode="1"/>
<entry name="/usr/local/i4j_jres/Oda-jK0QgTEmVssfllLP/1.8.0_202/lib/desktop/icons/HighContrastInverse/16x16/mimetypes/gnome-mime-application-x-java-jnlp-file.png" shared="false" uninstallMode="1"/>
<entry name=".install4j/i4j_extf_41_w8hjbe_d36cl.png" shared="false" uninstallMode="2"/>
<entry name="/usr/local/i4j_jres/Oda-jK0QgTEmVssfllLP/1.8.0_202/lib/desktop/icons/HighContrast/16x16/apps/sun-jcontrol.png" shared="false" uninstallMode="1"/>
<entry name="/usr/local/i4j_jres/Oda-jK0QgTEmVssfllLP/1.8.0_202/lib/locale/ja/LC_MESSAGES/sunw_java_plugin.mo" shared="false" uninstallMode="1"/>
<entry name="/usr/local/i4j_jres/Oda-jK0QgTEmVssfllLP/1.8.0_202/lib/desktop/icons/HighContrastInverse/48x48/apps/sun-jcontrol.png" shared="false" uninstallMode="1"/>
<entry name="/usr/local/i4j_jres/Oda-jK0QgTEmVssfllLP/1.8.0_202/lib/fontconfig.RedHat.6.properties.src" shared="false" uninstallMode="1"/>
<entry name=".install4j/response.varfile" shared="false" uninstallMode="0"/>
<entry name="/usr/local/i4j_jres/Oda-jK0QgTEmVssfllLP/1.8.0_202/lib/locale/sv/LC_MESSAGES/sunw_java_plugin.mo" shared="false" uninstallMode="1"/>
</createdFiles>
<createdDirs>
<entry name="/usr/local/i4j_jres/Oda-jK0QgTEmVssfllLP/1.8.0_202/plugin/desktop" shared="false" uninstallMode="1"/>
<entry name="/usr/local/i4j_jres/Oda-jK0QgTEmVssfllLP/1.8.0_202/plugin" shared="false" uninstallMode="1"/>
<entry name="/usr/local/i4j_jres/Oda-jK0QgTEmVssfllLP/1.8.0_202/man/man1" shared="false" uninstallMode="1"/>
<entry name="/usr/local/i4j_jres/Oda-jK0QgTEmVssfllLP/1.8.0_202/man/ja_JP.UTF-8/man1" shared="false" uninstallMode="1"/>
<entry name="/usr/local/i4j_jres/Oda-jK0QgTEmVssfllLP/1.8.0_202/man/ja_JP.UTF-8" shared="false" uninstallMode="1"/>
<entry name="/usr/local/i4j_jres/Oda-jK0QgTEmVssfllLP/1.8.0_202/man" shared="false" uninstallMode="1"/>
<entry name="/usr/local/i4j_jres/Oda-jK0QgTEmVssfllLP/1.8.0_202/lib/security/policy/unlimited" shared="false" uninstallMode="1"/>
<entry name="/usr/local/i4j_jres/Oda-jK0QgTEmVssfllLP/1.8.0_202/lib/security/policy/limited" shared="false" uninstallMode="1"/>
<entry name="/usr/local/i4j_jres/Oda-jK0QgTEmVssfllLP/1.8.0_202/lib/security/policy" shared="false" uninstallMode="1"/>
<entry name="/usr/local/i4j_jres/Oda-jK0QgTEmVssfllLP/1.8.0_202/lib/security" shared="false" uninstallMode="1"/>
<entry name="/usr/local/i4j_jres/Oda-jK0QgTEmVssfllLP/1.8.0_202/lib/oblique-fonts" shared="false" uninstallMode="1"/>
<entry name="/usr/local/i4j_jres/Oda-jK0QgTEmVssfllLP/1.8.0_202/lib/management" shared="false" uninstallMode="1"/>
<entry name="/usr/local/i4j_jres/Oda-jK0QgTEmVssfllLP/1.8.0_202/lib/locale/zh_TW/LC_MESSAGES" shared="false" uninstallMode="1"/>
<entry name="/usr/local/i4j_jres/Oda-jK0QgTEmVssfllLP/1.8.0_202/lib/locale/zh_TW.BIG5/LC_MESSAGES" shared="false" uninstallMode="1"/>
<entry name="/usr/local/i4j_jres/Oda-jK0QgTEmVssfllLP/1.8.0_202/lib/locale/zh_TW.BIG5" shared="false" uninstallMode="1"/>
<entry name="/usr/local/i4j_jres/Oda-jK0QgTEmVssfllLP/1.8.0_202/lib/locale/zh_TW" shared="false" uninstallMode="1"/>
<entry name="/usr/local/i4j_jres/Oda-jK0QgTEmVssfllLP/1.8.0_202/lib/locale/zh_HK.BIG5HK/LC_MESSAGES" shared="false" uninstallMode="1"/>
<entry name="/usr/local/i4j_jres/Oda-jK0QgTEmVssfllLP/1.8.0_202/lib/locale/zh_HK.BIG5HK" shared="false" uninstallMode="1"/>
<entry name="/usr/local/i4j_jres/Oda-jK0QgTEmVssfllLP/1.8.0_202/lib/locale/zh/LC_MESSAGES" shared="false" uninstallMode="1"/>
<entry name="/usr/local/i4j_jres/Oda-jK0QgTEmVssfllLP/1.8.0_202/lib/locale/zh.GBK/LC_MESSAGES" shared="false" uninstallMode="1"/>
<entry name="/usr/local/i4j_jres/Oda-jK0QgTEmVssfllLP/1.8.0_202/lib/locale/zh.GBK" shared="false" uninstallMode="1"/>
<entry name="/usr/local/i4j_jres/Oda-jK0QgTEmVssfllLP/1.8.0_202/lib/locale/zh" shared="false" uninstallMode="1"/>
<entry name="/usr/local/i4j_jres/Oda-jK0QgTEmVssfllLP/1.8.0_202/lib/locale/sv/LC_MESSAGES" shared="false" uninstallMode="1"/>
<entry name="/usr/local/i4j_jres/Oda-jK0QgTEmVssfllLP/1.8.0_202/lib/locale/sv" shared="false" uninstallMode="1"/>
<entry name="/usr/local/i4j_jres/Oda-jK0QgTEmVssfllLP/1.8.0_202/lib/locale/pt_BR/LC_MESSAGES" shared="false" uninstallMode="1"/>
<entry name="/usr/local/i4j_jres/Oda-jK0QgTEmVssfllLP/1.8.0_202/lib/locale/pt_BR" shared="false" uninstallMode="1"/>
<entry name="/usr/local/i4j_jres/Oda-jK0QgTEmVssfllLP/1.8.0_202/lib/locale/ko/LC_MESSAGES" shared="false" uninstallMode="1"/>
<entry name="/usr/local/i4j_jres/Oda-jK0QgTEmVssfllLP/1.8.0_202/lib/locale/ko.UTF-8/LC_MESSAGES" shared="false" uninstallMode="1"/>
<entry name="/usr/local/i4j_jres/Oda-jK0QgTEmVssfllLP/1.8.0_202/lib/locale/ko.UTF-8" shared="false" uninstallMode="1"/>
<entry name="/usr/local/i4j_jres/Oda-jK0QgTEmVssfllLP/1.8.0_202/lib/locale/ko" shared="false" uninstallMode="1"/>
<entry name="/usr/local/i4j_jres/Oda-jK0QgTEmVssfllLP/1.8.0_202/lib/locale/ja/LC_MESSAGES" shared="false" uninstallMode="1"/>
<entry name="/usr/local/i4j_jres/Oda-jK0QgTEmVssfllLP/1.8.0_202/lib/locale/ja" shared="false" uninstallMode="1"/>
<entry name="/usr/local/i4j_jres/Oda-jK0QgTEmVssfllLP/1.8.0_202/lib/locale/it/LC_MESSAGES" shared="false" uninstallMode="1"/>
<entry name="/usr/local/i4j_jres/Oda-jK0QgTEmVssfllLP/1.8.0_202/lib/locale/it" shared="false" uninstallMode="1"/>
<entry name="/usr/local/i4j_jres/Oda-jK0QgTEmVssfllLP/1.8.0_202/lib/locale/fr/LC_MESSAGES" shared="false" uninstallMode="1"/>
<entry name="/usr/local/i4j_jres/Oda-jK0QgTEmVssfllLP/1.8.0_202/lib/locale/fr" shared="false" uninstallMode="1"/>
<entry name="/usr/local/i4j_jres/Oda-jK0QgTEmVssfllLP/1.8.0_202/lib/locale/es/LC_MESSAGES" shared="false" uninstallMode="1"/>
<entry name="/usr/local/i4j_jres/Oda-jK0QgTEmVssfllLP/1.8.0_202/lib/locale/es" shared="false" uninstallMode="1"/>
<entry name="/usr/local/i4j_jres/Oda-jK0QgTEmVssfllLP/1.8.0_202/lib/locale/de/LC_MESSAGES" shared="false" uninstallMode="1"/>
<entry name="/usr/local/i4j_jres/Oda-jK0QgTEmVssfllLP/1.8.0_202/lib/locale/de" shared="false" uninstallMode="1"/>
<entry name="/usr/local/i4j_jres/Oda-jK0QgTEmVssfllLP/1.8.0_202/lib/locale" shared="false" uninstallMode="1"/>
<entry name="/usr/local/i4j_jres/Oda-jK0QgTEmVssfllLP/1.8.0_202/lib/jfr" shared="false" uninstallMode="1"/>
<entry name="/usr/local/i4j_jres/Oda-jK0QgTEmVssfllLP/1.8.0_202/lib/images/icons" shared="false" uninstallMode="1"/>
<entry name="/usr/local/i4j_jres/Oda-jK0QgTEmVssfllLP/1.8.0_202/lib/images/cursors" shared="false" uninstallMode="1"/>
<entry name="/usr/local/i4j_jres/Oda-jK0QgTEmVssfllLP/1.8.0_202/lib/images" shared="false" uninstallMode="1"/>
<entry name="/usr/local/i4j_jres/Oda-jK0QgTEmVssfllLP/1.8.0_202/lib/fonts" shared="false" uninstallMode="1"/>
<entry name="/usr/local/i4j_jres/Oda-jK0QgTEmVssfllLP/1.8.0_202/lib/ext" shared="false" uninstallMode="1"/>
<entry name="/usr/local/i4j_jres/Oda-jK0QgTEmVssfllLP/1.8.0_202/lib/desktop/mime/packages" shared="false" uninstallMode="1"/>
<entry name="/usr/local/i4j_jres/Oda-jK0QgTEmVssfllLP/1.8.0_202/lib/desktop/mime" shared="false" uninstallMode="1"/>
<entry name="/usr/local/i4j_jres/Oda-jK0QgTEmVssfllLP/1.8.0_202/lib/desktop/icons/hicolor/48x48/mimetypes" shared="false" uninstallMode="1"/>
<entry name="/usr/local/i4j_jres/Oda-jK0QgTEmVssfllLP/1.8.0_202/lib/desktop/icons/hicolor/48x48/apps" shared="false" uninstallMode="1"/>
<entry name="/usr/local/i4j_jres/Oda-jK0QgTEmVssfllLP/1.8.0_202/lib/desktop/icons/hicolor/48x48" shared="false" uninstallMode="1"/>
<entry name="/usr/local/i4j_jres/Oda-jK0QgTEmVssfllLP/1.8.0_202/lib/desktop/icons/hicolor/16x16/mimetypes" shared="false" uninstallMode="1"/>
<entry name="/usr/local/i4j_jres/Oda-jK0QgTEmVssfllLP/1.8.0_202/lib/desktop/icons/hicolor/16x16/apps" shared="false" uninstallMode="1"/>
<entry name="/usr/local/i4j_jres/Oda-jK0QgTEmVssfllLP/1.8.0_202/lib/desktop/icons/hicolor/16x16" shared="false" uninstallMode="1"/>
<entry name="/usr/local/i4j_jres/Oda-jK0QgTEmVssfllLP/1.8.0_202/lib/desktop/icons/hicolor" shared="false" uninstallMode="1"/>
<entry name="/usr/local/i4j_jres/Oda-jK0QgTEmVssfllLP/1.8.0_202/lib/desktop/icons/LowContrast/48x48/mimetypes" shared="false" uninstallMode="1"/>
<entry name="/usr/local/i4j_jres/Oda-jK0QgTEmVssfllLP/1.8.0_202/lib/desktop/icons/LowContrast/48x48/apps" shared="false" uninstallMode="1"/>
<entry name="/usr/local/i4j_jres/Oda-jK0QgTEmVssfllLP/1.8.0_202/lib/desktop/icons/LowContrast/48x48" shared="false" uninstallMode="1"/>
<entry name="/usr/local/i4j_jres/Oda-jK0QgTEmVssfllLP/1.8.0_202/lib/desktop/icons/LowContrast/16x16/mimetypes" shared="false" uninstallMode="1"/>
<entry name="/usr/local/i4j_jres/Oda-jK0QgTEmVssfllLP/1.8.0_202/lib/desktop/icons/LowContrast/16x16/apps" shared="false" uninstallMode="1"/>
<entry name="/usr/local/i4j_jres/Oda-jK0QgTEmVssfllLP/1.8.0_202/lib/desktop/icons/LowContrast/16x16" shared="false" uninstallMode="1"/>
<entry name="/usr/local/i4j_jres/Oda-jK0QgTEmVssfllLP/1.8.0_202/lib/desktop/icons/LowContrast" shared="false" uninstallMode="1"/>
<entry name="/usr/local/i4j_jres/Oda-jK0QgTEmVssfllLP/1.8.0_202/lib/desktop/icons/HighContrastInverse/48x48/mimetypes" shared="false" uninstallMode="1"/>
<entry name="/usr/local/i4j_jres/Oda-jK0QgTEmVssfllLP/1.8.0_202/lib/desktop/icons/HighContrastInverse/48x48/apps" shared="false" uninstallMode="1"/>
<entry name="/usr/local/i4j_jres/Oda-jK0QgTEmVssfllLP/1.8.0_202/lib/desktop/icons/HighContrastInverse/48x48" shared="false" uninstallMode="1"/>
<entry name="/usr/local/i4j_jres/Oda-jK0QgTEmVssfllLP/1.8.0_202/lib/desktop/icons/HighContrastInverse/16x16/mimetypes" shared="false" uninstallMode="1"/>
<entry name="/usr/local/i4j_jres/Oda-jK0QgTEmVssfllLP/1.8.0_202/lib/desktop/icons/HighContrastInverse/16x16/apps" shared="false" uninstallMode="1"/>
<entry name="/usr/local/i4j_jres/Oda-jK0QgTEmVssfllLP/1.8.0_202/lib/desktop/icons/HighContrastInverse/16x16" shared="false" uninstallMode="1"/>
<entry name="/usr/local/i4j_jres/Oda-jK0QgTEmVssfllLP/1.8.0_202/lib/desktop/icons/HighContrastInverse" shared="false" uninstallMode="1"/>
<entry name="/usr/local/i4j_jres/Oda-jK0QgTEmVssfllLP/1.8.0_202/lib/desktop/icons/HighContrast/48x48/mimetypes" shared="false" uninstallMode="1"/>
<entry name="/usr/local/i4j_jres/Oda-jK0QgTEmVssfllLP/1.8.0_202/lib/desktop/icons/HighContrast/48x48/apps" shared="false" uninstallMode="1"/>
<entry name="/usr/local/i4j_jres/Oda-jK0QgTEmVssfllLP/1.8.0_202/lib/desktop/icons/HighContrast/48x48" shared="false" uninstallMode="1"/>
<entry name="/usr/local/i4j_jres/Oda-jK0QgTEmVssfllLP/1.8.0_202/lib/desktop/icons/HighContrast/16x16/mimetypes" shared="false" uninstallMode="1"/>
<entry name="/usr/local/i4j_jres/Oda-jK0QgTEmVssfllLP/1.8.0_202/lib/desktop/icons/HighContrast/16x16/apps" shared="false" uninstallMode="1"/>
<entry name="/usr/local/i4j_jres/Oda-jK0QgTEmVssfllLP/1.8.0_202/lib/desktop/icons/HighContrast/16x16" shared="false" uninstallMode="1"/>
<entry name="/usr/local/i4j_jres/Oda-jK0QgTEmVssfllLP/1.8.0_202/lib/desktop/icons/HighContrast" shared="false" uninstallMode="1"/>
<entry name="/usr/local/i4j_jres/Oda-jK0QgTEmVssfllLP/1.8.0_202/lib/desktop/icons" shared="false" uninstallMode="1"/>
<entry name="/usr/local/i4j_jres/Oda-jK0QgTEmVssfllLP/1.8.0_202/lib/desktop/applications" shared="false" uninstallMode="1"/>
<entry name="/usr/local/i4j_jres/Oda-jK0QgTEmVssfllLP/1.8.0_202/lib/desktop" shared="false" uninstallMode="1"/>
<entry name="/usr/local/i4j_jres/Oda-jK0QgTEmVssfllLP/1.8.0_202/lib/deploy" shared="false" uninstallMode="1"/>
<entry name="/usr/local/i4j_jres/Oda-jK0QgTEmVssfllLP/1.8.0_202/lib/cmm" shared="false" uninstallMode="1"/>
<entry name="/usr/local/i4j_jres/Oda-jK0QgTEmVssfllLP/1.8.0_202/lib/applet" shared="false" uninstallMode="1"/>
<entry name="/usr/local/i4j_jres/Oda-jK0QgTEmVssfllLP/1.8.0_202/lib/amd64/server" shared="false" uninstallMode="1"/>
<entry name="/usr/local/i4j_jres/Oda-jK0QgTEmVssfllLP/1.8.0_202/lib/amd64/jli" shared="false" uninstallMode="1"/>
<entry name="/usr/local/i4j_jres/Oda-jK0QgTEmVssfllLP/1.8.0_202/lib/amd64" shared="false" uninstallMode="1"/>
<entry name="/usr/local/i4j_jres/Oda-jK0QgTEmVssfllLP/1.8.0_202/lib" shared="false" uninstallMode="1"/>
<entry name="/usr/local/i4j_jres/Oda-jK0QgTEmVssfllLP/1.8.0_202/bin" shared="false" uninstallMode="1"/>
<entry name="/usr/local/i4j_jres/Oda-jK0QgTEmVssfllLP/1.8.0_202" shared="false" uninstallMode="1"/>
<entry name="/usr/local/i4j_jres/Oda-jK0QgTEmVssfllLP" shared="false" uninstallMode="1"/>
<entry name="/usr/local/i4j_jres" shared="false" uninstallMode="1"/>
<entry name="jars" shared="false" uninstallMode="0"/>
<entry name="data" shared="false" uninstallMode="0"/>
<entry name=".install4j/user" shared="false" uninstallMode="0"/>
<entry name=".install4j" shared="false" uninstallMode="0"/>
<entry name="." shared="false" uninstallMode="0"/>
<entry name="/root/Jts/ibgateway" shared="false" uninstallMode="0"/>
<entry name="/root/Jts" shared="false" uninstallMode="0"/>
</createdDirs>
</fileLog>
